# RA, dec, redshift, radius (Mpc/h), void ID
279.61 25.66 0.31970 89.90 2490
248.03 11.06 0.21820 70.33 2654
202.36 29.13 0.35674 58.68 1811
295.18 17.39 0.25394 73.60 3358
322.94 25.83 0.32131 62.76 509
201.56 -21.44 0.12606 54.03 1054
248.65 nan 0.02789 68.15 3304
249.87 27.56 0.33918 42.86 725
299.53 -21.36 0.12618 45.52 2874
78.70 -1.67 0.16915 67.22 3106
220.86 19.46 0.26797 76.35 1344
223.64 -25.75 0.11980 69.21 2017
225.46 nan 0.05818 84.28 1283
182.34 17.21 0.25278 70.63 3324
176.02 nan 0.03934 56.68 1108
246.77 -34.64 0.10928 68.27 1518
320.19 nan 0.00762 63.81 238
319.11 20.45 0.27523 48.43 3398
235.11 nan 0.06079 50.47 1288
218.78 nan 0.01564 54.31 1780
337.47 24.73 0.31083 45.34 2385
33.65 16.93 0.25100 67.06 1963
14.82 nan 0.02519 59.10 1414
357.83 -9.51 0.14858 46.91 3178
215.34 3.34 0.18565 48.10 2814
93.18 24.23 0.30630 75.94 1932
19.77 nan 0.03203 57.17 1654
181.00 25.53 0.31841 58.71 2964
199.24 23.35 0.29848 76.11 1585
189.96 19.44 0.26783 53.13 1992
50.61 14.60 0.23694 59.00 1660
22.04 15.88 0.24448 56.34 194
6.73 20.05 0.27226 65.43 1643
300.55 22.17 0.28864 46.36 1841
274.97 26.17 0.32470 77.69 206
90.32 17.60 0.25529 71.65 435
227.52 -42.56 0.10205 69.08 2981
101.88 7.92 0.20374 47.42 2045
110.28 17.86 0.25702 71.25 2658
219.43 nan 0.02687 71.16 3271
221.79 nan 0.07324 78.38 3018
304.78 -27.41 0.11761 42.85 1558
133.37 21.52 0.28343 54.17 415
38.97 7.55 0.20216 74.09 3191
199.03 16.81 0.25023 56.64 1690
20.70 23.96 0.30385 56.45 2710
145.17 nan 0.03264 59.10 3247
289.34 12.47 0.22532 74.95 3364
198.42 -21.87 0.12539 53.08 231
314.44 -35.32 0.10858 69.79 2515
347.42 nan 0.05877 54.19 813
141.47 14.40 0.23581 47.38 1515
253.03 23.78 0.30226 64.25 2468
216.34 -41.52 0.10290 65.21 1707
143.97 27.05 0.33368 67.85 2265
34.25 nan 0.00432 63.84 3377
143.59 26.10 0.32398 59.92 1287
130.48 -52.72 0.09510 67.56 2975
205.42 6.64 0.19836 40.48 1055
87.91 nan 0.06909 82.40 1256
136.88 nan 0.06964 53.05 1432
336.70 -45.79 0.09958 40.36 810
56.90 nan 0.00734 62.70 2677
9.05 3.49 0.18617 50.88 2371
163.13 23.70 0.30160 56.77 2426
140.88 nan 0.00731 50.41 1613
214.23 14.51 0.23645 47.21 2788
122.28 22.91 0.29480 60.34 1235
67.05 6.90 0.19944 54.92 1647
129.21 -2.65 0.16626 48.34 3063
254.97 nan 0.00248 63.89 931
73.21 21.19 0.28085 49.27 2512
27.77 -31.78 0.11235 94.99 1655
217.33 12.05 0.22317 62.06 1673
321.43 19.61 0.26909 73.02 2558
49.39 14.31 0.23533 56.43 1261
36.90 -2.89 0.16556 43.49 1847
176.37 20.36 0.27457 62.43 2767
33.78 22.92 0.29484 79.01 3379
244.37 nan 0.03131 44.55 3261
109.14 -5.85 0.15748 56.38 1113
79.16 -24.92 0.12094 51.18 805
76.51 23.12 0.29654 57.95 1131
217.19 11.30 0.21936 49.38 2837
112.70 -18.67 0.13055 46.89 233
293.31 11.01 0.21796 55.65 2050
80.51 -17.59 0.13240 68.88 1543
293.18 -10.15 0.14714 54.44 375
38.21 23.16 0.29688 62.66 2916
102.88 nan 0.02661 53.56 1067
135.99 -21.25 0.12634 74.00 1117
148.21 -7.90 0.15235 57.40 3278
353.04 nan 0.04315 54.40 1752
141.39 nan 0.06186 82.09 694
232.05 21.26 0.28143 49.12 2006
346.34 nan 0.06451 51.83 2095
287.59 nan 0.07623 55.37 3108
44.79 10.20 0.21407 58.14 1796
231.72 20.95 0.27903 46.36 2005
66.30 17.06 0.25184 55.39 1263
155.49 3.38 0.18579 46.90 875
12.12 21.39 0.28245 41.66 530
317.81 -3.47 0.16390 82.18 2920
262.76 -19.84 0.12860 35.89 1380
347.05 2.35 0.18214 73.41 3435
96.73 nan 0.01810 87.60 2676
300.93 -43.15 0.10158 59.91 990
121.21 nan 0.08319 39.99 724
18.55 28.84 0.35339 62.12 1091
38.53 -4.36 0.16144 60.12 2220
16.70 nan 0.05748 38.49 1641
287.08 27.22 0.33549 70.27 1400
330.55 24.28 0.30678 66.63 2352
37.03 19.04 0.26504 48.45 1092
322.57 14.15 0.23444 78.48 3154
249.41 nan 0.03870 43.78 1698
303.80 23.24 0.29755 52.39 1137
103.61 -14.75 0.13760 44.05 1071
352.31 26.79 0.33101 60.06 1259
54.10 nan 0.00915 55.01 3375
211.57 nan 0.03473 42.18 2403
6.88 9.52 0.21090 49.22 3408
243.21 29.66 0.36315 47.97 2627
163.16 12.52 0.22558 46.96 1812
36.14 -78.47 0.08606 45.99 2185
323.04 26.78 0.33088 48.09 478
354.28 -43.39 0.10139 65.39 2214
108.48 -30.28 0.11407 54.22 2481
229.46 28.95 0.35469 43.89 460
330.99 nan 0.00545 63.49 1970
320.51 22.00 0.28729 45.29 480
129.88 27.18 0.33504 56.39 883
275.17 10.51 0.21552 66.75 2667
279.36 15.18 0.24034 36.67 1399
210.88 0.74 0.17671 52.52 1688
140.49 28.71 0.35196 65.38 2777
338.40 -24.11 0.12209 30.58 136
349.59 22.34 0.29002 43.32 239
339.77 28.41 0.34851 90.95 2912
146.07 20.15 0.27301 44.97 1233
143.59 -57.03 0.09281 41.93 843
204.53 28.68 0.35154 46.87 1437
285.88 -36.92 0.10701 35.55 2049
207.69 21.87 0.28621 52.37 2147
200.39 -0.89 0.17153 47.06 692
168.50 -3.24 0.16456 67.08 1220
307.67 2.13 0.18136 36.15 2532
249.06 5.25 0.19281 74.32 1226
317.66 22.69 0.29292 51.41 3156
28.28 12.98 0.22802 38.85 1090
328.65 19.98 0.27174 42.20 2370
301.28 nan 0.05946 54.33 3110
169.93 -40.14 0.10407 68.30 288
157.22 nan 0.05005 54.32 180
115.48 0.66 0.17643 59.16 1718
223.58 nan 0.01470 55.11 3197
304.52 23.35 0.29853 44.76 992
90.33 -41.45 0.10295 71.96 2333
162.85 26.60 0.32900 53.13 2429
109.78 18.77 0.26316 54.16 1016
310.88 21.55 0.28368 55.78 2382
18.73 -2.34 0.16715 47.49 377
220.63 8.57 0.20660 50.71 2128
124.65 27.23 0.33563 45.17 2441
302.86 15.60 0.24279 55.11 3393
278.22 10.08 0.21350 48.89 3344
261.23 nan 0.08274 45.93 1454
169.37 -33.60 0.11036 31.09 2425
162.66 19.38 0.26743 61.58 3000
214.26 27.77 0.34137 64.30 757
307.99 25.74 0.32046 39.75 612
156.87 nan 0.05924 62.54 689
158.35 -30.85 0.11341 62.50 2998
321.56 0.45 0.17576 46.08 2551
323.70 -13.44 0.14018 44.91 1434
81.38 25.55 0.31858 43.11 1937
135.82 22.38 0.29032 65.74 3214
277.25 2.81 0.18374 25.62 25
186.11 28.67 0.35144 62.95 793
25.18 -0.65 0.17225 44.91 275
151.25 24.98 0.31317 37.37 1910
278.05 nan 0.01466 60.00 3341
198.89 nan 0.05724 38.67 461
160.62 -0.38 0.17310 28.98 2
283.01 nan 0.03507 69.39 1397
220.19 -4.91 0.15994 46.37 125
159.48 nan 0.06089 60.11 767
60.94 -0.02 0.17424 44.68 3097
143.33 -3.17 0.16475 56.06 446
171.13 24.84 0.31185 46.84 688
298.64 25.00 0.31335 41.15 86
22.61 19.03 0.26496 37.34 2934
99.40 -28.18 0.11663 37.23 1625
129.86 11.33 0.21953 79.20 3030
348.26 23.54 0.30017 41.16 274
3.03 16.69 0.24949 43.81 148
238.27 nan 0.07256 78.48 2630
133.92 nan 0.02807 35.71 2248
89.29 27.31 0.33642 37.38 2847
102.33 nan 0.02703 52.17 2825
199.66 -8.65 0.15057 42.08 2130
331.14 nan 0.05953 64.82 896
179.59 nan 0.02429 52.79 3275
320.89 nan 0.06552 58.25 2722
163.50 nan 0.04458 30.62 1609
75.32 7.59 0.20232 52.02 1952
46.43 -41.40 0.10300 58.58 3165
204.18 20.08 0.27252 49.79 1789
298.38 nan 0.02572 43.54 1840
2.66 29.94 0.36657 51.29 1961
142.35 23.86 0.30299 54.24 3058
320.54 -30.59 0.11371 52.58 528
214.17 23.02 0.29567 30.08 1788
15.46 13.81 0.23255 63.91 3127
135.20 nan 0.06322 49.12 108
262.11 20.55 0.27595 65.54 2034
43.57 nan 0.05880 42.77 2713
99.39 27.36 0.33693 34.54 3302
304.57 15.99 0.24516 53.94 1638
59.35 23.51 0.29988 60.34 2070
218.83 24.83 0.31179 44.24 2789
55.54 1.65 0.17972 57.57 779
206.65 nan 0.03836 52.52 3230
169.43 nan 0.01513 61.23 291
180.88 1.61 0.17958 47.02 3246
127.51 -6.54 0.15572 42.14 2271
253.59 26.66 0.32970 34.82 2835
293.75 4.67 0.19057 46.11 1834
271.01 -34.13 0.10981 61.61 2303
232.82 -14.17 0.13874 67.21 827
50.28 -0.65 0.17225 45.08 1858
209.86 nan 0.05166 54.42 2113
313.64 nan 0.04936 52.98 1038
131.98 nan 0.06941 45.94 1052
327.28 4.21 0.18884 33.29 1200
264.23 nan 0.00940 55.69 1931
9.44 26.22 0.32520 47.22 203
213.79 29.80 0.36476 54.46 1094
186.66 25.62 0.31930 47.81 760
71.18 nan 0.05293 58.21 396
212.26 nan 0.07494 54.52 3232
105.57 -15.99 0.13528 40.45 2843
65.61 19.88 0.27106 65.55 780
257.14 nan 0.00282 42.48 2471
34.53 23.65 0.30113 34.39 1670
228.67 22.72 0.29318 39.87 359
297.59 12.79 0.22701 40.72 2489
142.98 nan 0.00603 48.24 556
319.55 9.30 0.20985 44.17 1635
56.53 -4.47 0.16114 52.24 2501
115.37 -17.19 0.13310 38.97 2644
9.79 15.16 0.24020 42.59 24
277.65 nan 0.06475 35.62 582
207.58 22.82 0.29402 46.70 1160
211.24 20.78 0.27771 59.76 2990
122.45 27.44 0.33781 47.95 2300
293.42 nan 0.01419 59.20 3084
95.16 1.86 0.18044 39.90 3071
293.49 nan 0.01193 32.97 3357
0.10 -73.77 0.08694 45.64 1574
207.53 -30.49 0.11383 39.81 255
306.04 28.38 0.34812 38.34 3141
61.29 nan 0.04502 56.46 678
45.92 -36.48 0.10743 33.73 3378
93.32 nan 0.07420 37.22 3073
226.88 29.30 0.35881 49.18 2445
304.17 9.59 0.21117 41.16 640
17.84 26.94 0.33258 60.97 3374
135.47 23.83 0.30272 51.78 1896
312.45 27.42 0.33762 31.81 3146
197.63 26.73 0.33038 49.73 3240
117.37 -9.20 0.14929 43.43 1929
255.45 24.73 0.31082 60.58 449
216.70 -48.51 0.09769 32.97 549
161.18 29.35 0.35936 41.37 653
294.14 20.14 0.27290 47.97 739
11.06 23.63 0.30092 39.16 954
141.42 -3.02 0.16517 27.30 3251
48.75 -11.72 0.14373 34.56 2747
41.52 -20.57 0.12742 47.57 374
133.49 8.96 0.20834 28.97 1601
166.05 nan 0.07194 66.72 1893
83.75 nan 0.04320 54.56 2497
173.43 nan 0.02141 41.38 1792
355.96 nan 0.07566 39.45 2517
7.16 11.26 0.21918 57.96 470
154.47 -1.41 0.16992 44.59 3057
339.82 nan 0.05725 39.31 3117
313.59 8.28 0.20531 49.92 1740
313.02 1.53 0.17932 72.96 1317
229.27 -4.52 0.16100 57.27 1510
123.78 nan 0.08515 36.45 1166
153.42 10.41 0.21504 55.32 2263
102.51 18.17 0.25905 56.09 1392
293.28 nan 0.03511 42.99 633
109.07 -32.90 0.11111 43.06 1300
321.26 8.44 0.20602 26.22 1323
90.80 21.06 0.27983 56.20 2857
248.68 -11.64 0.14388 44.98 2276
25.85 nan 0.07968 32.18 3185
292.47 7.57 0.20222 48.37 2178
331.96 25.13 0.31458 39.93 1838
5.75 nan 0.02259 65.34 2928
178.44 -2.95 0.16538 45.11 1596
326.78 10.06 0.21337 30.26 2687
254.46 10.14 0.21377 38.29 1917
2.26 19.97 0.27168 64.37 1001
81.94 nan 0.07708 41.16 2499
3.79 nan 0.04876 53.76 942
234.56 nan 0.01592 28.69 232
28.74 22.23 0.28915 51.53 1307
241.88 23.49 0.29972 43.24 2143
60.28 -52.52 0.09521 39.52 2548
185.36 nan 0.00777 41.73 8
97.37 1.78 0.18016 62.12 3064
332.18 23.36 0.29859 62.59 2909
316.04 nan 0.03656 36.94 1967
260.43 nan 0.02487 29.48 2462
146.03 4.24 0.18895 48.99 3003
158.47 7.71 0.20281 41.82 2473
163.08 27.24 0.33567 33.35 720
28.72 nan 0.07786 53.06 342
69.45 29.27 0.35847 55.27 1746
283.76 -43.77 0.10110 36.24 1534
336.07 nan 0.03466 48.25 1867
122.40 10.99 0.21784 29.63 3283
43.38 -11.68 0.14381 51.44 2740
93.37 nan 0.05839 54.73 3067
308.76 nan 0.02656 44.09 1851
357.84 10.15 0.21381 23.50 2927
20.25 -12.64 0.14180 46.73 1553
151.47 nan 0.04001 22.94 2010
261.65 6.64 0.19835 35.65 1172
298.27 nan 0.08202 56.84 164
105.62 8.57 0.20656 40.47 3334
359.31 -7.70 0.15286 49.78 589
95.70 -37.16 0.10678 32.80 1714
33.21 -32.68 0.11135 46.36 3189
233.68 29.68 0.36333 26.25 1906
149.05 -71.84 0.08739 47.84 2122
145.20 2.09 0.18123 52.51 2969
149.88 26.48 0.32781 52.63 2311
56.92 7.73 0.20293 40.80 2204
125.95 -26.41 0.11891 35.80 2270
134.58 -6.16 0.15669 36.38 924
328.91 27.70 0.34068 40.27 1079
338.97 -5.12 0.15939 44.33 1040
310.29 nan 0.02470 38.74 1649
62.89 -19.36 0.12939 20.83 2361
101.15 nan 0.07128 28.68 1456
57.53 nan 0.03702 50.75 1948
126.36 17.19 0.25261 65.64 2272
354.57 -23.22 0.12337 41.10 1540
93.37 12.62 0.22611 53.87 1387
224.99 nan 0.07691 46.26 1907
339.78 nan 0.08296 47.67 1972
112.42 9.78 0.21208 58.86 1119
315.90 -13.01 0.14105 40.90 1759
177.78 12.22 0.22404 33.28 1800
138.80 -26.32 0.11904 65.82 1216
99.01 15.00 0.23928 31.08 1827
43.74 4.77 0.19094 34.72 2748
90.16 -29.46 0.11505 36.97 3074
182.69 28.51 0.34965 71.88 932
1.70 8.36 0.20564 44.25 1995
62.66 9.88 0.21257 61.37 182
201.74 -77.59 0.08620 45.91 2988
145.20 19.64 0.26931 60.74 1111
58.65 -42.17 0.10236 52.92 1949
357.25 23.37 0.29867 38.17 438
39.90 -31.08 0.11315 36.89 1743
321.87 nan 0.08515 33.53 1268
149.46 nan 0.04042 37.08 2968
264.94 27.97 0.34355 28.50 316
286.19 14.60 0.23696 34.21 2345
185.07 16.75 0.24986 28.96 2587
13.04 nan 0.01026 40.06 2539
40.08 nan 0.00037 54.61 1862
128.02 -2.22 0.16751 60.73 1526
136.57 19.53 0.26847 23.15 1103
166.49 nan 0.04606 49.32 2407
331.03 nan 0.01681 44.52 1762
228.11 5.30 0.19298 38.57 290
125.21 nan 0.01122 52.99 1243
38.45 26.68 0.32986 49.06 784
225.96 15.34 0.24128 61.15 1580
309.34 25.21 0.31535 37.74 2904
323.97 9.86 0.21243 45.51 620
113.72 23.38 0.29875 59.32 1616
320.70 6.69 0.19857 44.79 3175
264.16 -1.61 0.16933 47.13 1122
207.51 -42.80 0.10186 45.64 800
334.31 nan 0.06378 38.69 1270
222.62 nan 0.02140 44.59 1607
9.13 -51.96 0.09554 40.31 3182
40.74 27.69 0.34053 41.26 770
236.03 -11.66 0.14384 54.09 2305
176.16 -1.67 0.16913 27.48 1049
211.27 -47.23 0.09857 40.88 1787
264.14 4.97 0.19170 56.61 3310
83.42 2.05 0.18108 39.79 561
104.99 nan 0.06095 50.66 2044
25.45 -38.08 0.10591 38.41 2495
135.23 nan 0.04370 56.43 2973
202.90 -13.93 0.13920 45.18 1989
64.82 nan 0.01023 46.45 2896
270.97 nan 0.07934 43.96 3337
212.86 nan 0.00550 30.80 2947
236.76 -12.24 0.14263 66.31 1905
241.45 -15.93 0.13539 40.90 1020
332.67 19.49 0.26823 37.67 1324
298.88 -3.62 0.16350 65.06 669
145.39 3.63 0.18669 44.91 2011
293.80 11.28 0.21928 35.86 2195
137.97 14.11 0.23418 66.83 67
311.60 18.68 0.26255 35.00 991
208.63 -44.57 0.10048 37.70 1369
308.70 15.99 0.24513 36.46 670
89.14 -30.37 0.11397 43.92 2338
128.63 17.30 0.25334 36.40 1366
26.61 -16.94 0.13354 45.39 2737
123.53 20.50 0.27560 40.52 836
17.77 nan 0.01183 42.60 2932
46.36 nan 0.03156 39.84 1431
106.74 nan 0.00494 39.82 2043
192.36 nan 0.01142 44.23 1285
48.95 nan 0.01457 31.49 2230
115.93 nan 0.03709 22.37 3031
34.70 4.80 0.19108 59.65 63
80.24 nan 0.03218 49.16 2868
5.38 nan 0.08310 27.16 2354
207.22 nan 0.03152 45.95 1230
357.00 28.56 0.35014 46.18 2730
187.18 20.07 0.27238 41.97 2793
319.08 13.45 0.23054 65.65 2718
245.98 29.91 0.36618 52.45 1822
155.05 29.88 0.36574 62.31 1213
100.13 10.87 0.21729 24.81 934
268.91 14.26 0.23506 58.57 539
140.15 -8.70 0.15046 32.97 3213
28.08 25.06 0.31394 39.45 276
1.71 nan 0.08298 28.14 2096
280.19 nan 0.05831 43.76 938
222.54 5.29 0.19293 25.22 3055
136.75 17.22 0.25283 24.61 1602
44.40 23.81 0.30253 33.62 2945
33.75 16.11 0.24589 51.61 2356
63.50 27.82 0.34189 38.36 3384
285.41 20.47 0.27539 24.25 1462
124.74 7.71 0.20285 27.92 975
202.56 nan 0.08474 45.85 1881
323.85 3.19 0.18510 42.39 671
352.07 24.67 0.31026 46.75 1871
133.91 nan 0.00824 32.40 2972
233.60 nan 0.00848 40.51 2812
14.00 26.97 0.33285 58.34 91
81.50 20.54 0.27587 58.84 474
325.09 20.25 0.27375 61.19 90
266.80 nan 0.02200 43.03 234
59.59 17.09 0.25200 49.19 1557
276.16 27.65 0.34011 25.84 3342
349.43 14.83 0.23827 49.38 748
231.84 nan 0.03139 39.91 3265
273.01 -8.02 0.15208 48.67 3090
190.37 nan 0.05958 47.89 1359
132.10 nan 0.02967 33.03 2001
224.33 -25.16 0.12060 55.16 1983
197.74 29.21 0.35778 43.03 457
308.52 nan 0.03879 28.04 3425
23.10 nan 0.00060 46.28 1037
295.95 -0.39 0.17308 27.55 3345
294.59 29.73 0.36399 54.11 1138
269.04 nan 0.03829 32.81 2326
56.59 -4.29 0.16162 43.84 853
136.08 25.98 0.32284 61.05 2600
224.16 24.00 0.30422 41.79 532
129.09 29.54 0.36166 33.68 927
312.59 nan 0.05857 30.06 2366
195.23 nan 0.05970 45.16 2118
252.08 nan 0.01278 45.83 263
140.09 18.80 0.26337 32.44 2599
168.75 1.73 0.17999 53.92 868
35.73 25.35 0.31666 46.83 2568
177.55 20.57 0.27614 32.86 693
331.54 2.51 0.18267 62.32 3402
176.40 7.20 0.20066 36.21 367
221.37 12.01 0.22298 37.24 3226
324.82 -2.71 0.16607 38.89 3114
309.10 -48.52 0.09769 46.61 1034
55.24 -39.31 0.10480 25.04 201
271.43 1.00 0.17755 52.57 1177
218.11 nan 0.03012 47.16 1702
58.35 25.97 0.32273 43.96 3424
182.02 28.59 0.35049 37.95 1048
179.79 3.58 0.18652 47.67 2307
322.60 23.06 0.29606 33.55 906
173.10 13.58 0.23127 36.01 1349
337.45 nan 0.01597 30.87 812
164.43 -16.83 0.13374 49.71 2240
347.16 -43.98 0.10093 58.62 3120
53.91 27.40 0.33741 62.03 98
314.77 4.04 0.18820 40.39 2557
329.99 nan 0.03927 41.84 451
148.83 -17.58 0.13242 24.89 2025
170.41 28.44 0.34883 40.58 2243
186.05 3.33 0.18560 38.81 1791
225.59 26.95 0.33264 32.48 2235
289.78 -34.36 0.10957 45.10 173
66.29 12.17 0.22379 61.36 895
113.01 nan 0.03239 29.76 49
332.27 -65.96 0.08912 51.45 3176
9.33 14.08 0.23403 45.85 3443
121.62 15.55 0.24249 49.51 519
288.24 21.28 0.28159 43.65 1629
73.37 4.62 0.19036 49.66 2061
81.95 28.60 0.35061 38.54 405
324.39 nan 0.06904 44.98 285
139.14 nan 0.02315 37.31 225
342.20 nan 0.00678 45.56 2111
121.32 22.19 0.28881 64.38 3011
228.18 nan 0.07921 41.08 1922
117.29 3.82 0.18739 25.00 3037
81.79 nan 0.02086 33.45 3103
138.58 26.26 0.32560 37.14 2821
76.87 nan 0.03420 27.30 2869
128.36 nan 0.08316 44.85 2436
226.22 5.97 0.19562 40.59 1671
178.52 -13.65 0.13977 40.23 2132
139.56 11.06 0.21818 25.24 2798
233.02 4.19 0.18875 47.05 2984
81.86 -38.00 0.10599 40.26 851
262.51 16.82 0.25031 38.40 554
331.20 29.68 0.36335 27.88 2094
127.91 -6.85 0.15494 37.65 974
34.06 24.74 0.31099 49.87 3094
51.27 -25.83 0.11969 46.03 1726
312.40 nan 0.02957 35.23 745
287.53 28.55 0.35005 28.56 419
162.58 13.40 0.23029 49.05 364
70.77 -28.57 0.11614 36.64 1646
37.52 nan 0.01905 37.38 1486
235.31 nan 0.07968 54.18 2601
234.05 12.49 0.22543 43.84 3220
261.67 13.04 0.22834 49.74 1821
221.21 10.58 0.21586 36.18 801
316.83 8.78 0.20752 43.08 1969
191.83 nan 0.08015 34.55 878
137.52 14.82 0.23822 35.53 628
59.55 10.63 0.21609 40.80 325
31.02 nan 0.07945 37.04 2373
5.74 -12.48 0.14214 31.81 3124
187.99 22.06 0.28774 57.42 56
11.78 16.52 0.24842 26.11 2496
195.50 19.17 0.26596 41.19 1232
75.92 29.24 0.35804 35.50 2509
49.76 29.19 0.35751 27.35 300
191.10 -0.30 0.17337 39.92 830
326.29 -74.46 0.08679 43.21 642
210.22 -25.83 0.11969 41.50 1807
188.86 nan 0.01756 60.16 1047
38.51 27.72 0.34085 25.13 3451
263.75 -17.29 0.13292 47.14 3047
28.62 -12.09 0.14295 39.98 3446
122.02 9.85 0.21239 44.71 84
70.11 -32.70 0.11133 40.26 3101
345.30 9.26 0.20968 41.00 996
27.69 10.36 0.21481 22.95 1085
22.48 -0.16 0.17379 36.85 2564
17.14 -26.75 0.11847 38.60 1773
165.93 nan 0.00475 43.28 1116
125.83 5.86 0.19519 45.76 329
154.42 nan 0.00813 31.80 378
210.06 11.65 0.22113 36.32 2129
51.64 -55.84 0.09340 34.54 1195
108.24 -22.08 0.12507 39.13 661
60.53 -28.11 0.11672 23.73 311
204.87 -0.62 0.17234 35.38 3273
135.36 17.87 0.25707 37.24 2598
257.14 10.06 0.21338 30.64 215
281.12 -2.45 0.16683 58.31 2848
277.25 nan 0.08253 49.42 3078
265.35 6.96 0.19965 33.42 1239
15.76 nan 0.08304 32.57 1567
196.45 2.03 0.18102 33.84 2008
346.21 25.15 0.31478 32.93 2351
326.76 -29.22 0.11534 41.72 3429
83.80 nan 0.06980 36.67 1133
232.96 19.11 0.26554 37.08 1290
359.58 13.99 0.23349 48.28 1146
306.24 nan 0.03636 34.08 3387
38.38 29.14 0.35691 37.92 2743
28.40 20.91 0.27870 36.07 3448
172.38 nan 0.05970 38.68 2997
245.13 -23.41 0.12310 37.30 2625
99.69 -20.19 0.12802 25.99 3320
231.90 18.57 0.26176 30.94 2253
295.15 -25.65 0.11994 43.16 501
30.27 21.48 0.28312 37.57 821
155.83 2.39 0.18226 33.60 972
201.31 24.66 0.31019 43.12 1371
231.91 26.79 0.33103 57.06 267
294.23 -3.75 0.16313 42.37 284
55.03 20.67 0.27685 28.22 1861
343.73 17.20 0.25268 33.96 129
215.43 -19.87 0.12854 28.84 3234
194.91 -58.74 0.09200 31.43 961
164.98 10.47 0.21535 45.50 1611
267.83 nan 0.00023 23.78 540
276.02 13.15 0.22895 36.13 2487
253.69 18.48 0.26116 33.11 1527
332.30 -23.45 0.12303 47.28 3148
319.27 nan 0.06179 53.26 2919
141.20 -46.90 0.09880 40.64 1507
351.59 22.43 0.29075 42.33 153
272.93 nan 0.00588 34.68 189
226.39 -13.62 0.13981 39.64 3198
324.64 -3.77 0.16308 27.73 1495
343.86 17.85 0.25693 52.29 440
262.60 -8.87 0.15006 33.42 2301
38.71 nan 0.07886 17.09 708
10.32 9.54 0.21096 28.35 2218
200.67 nan 0.06620 26.23 1007
28.95 16.15 0.24613 37.73 2914
308.58 17.28 0.25321 68.26 2903
307.56 1.11 0.17790 35.21 988
158.75 -22.69 0.12416 42.45 3277
197.22 15.45 0.24190 38.87 1925
299.48 28.53 0.34990 32.86 502
36.49 0.46 0.17580 37.23 1425
251.91 15.37 0.24144 39.88 85
279.83 18.77 0.26316 39.34 1250
13.85 -15.59 0.13602 45.07 2933
273.14 16.98 0.25130 36.88 1722
268.67 -9.58 0.14843 27.04 764
59.43 -9.37 0.14890 42.68 2692
159.61 nan 0.03201 46.97 2590
51.78 8.51 0.20631 58.42 3422
168.56 -10.69 0.14593 48.25 400
3.96 nan 0.02191 53.73 1653
70.02 -7.57 0.15315 55.02 1141
217.77 nan 0.08140 45.71 686
143.53 20.29 0.27407 60.17 2773
105.04 nan 0.02500 29.01 52
270.78 15.18 0.24032 37.97 555
177.66 3.85 0.18751 34.72 18
3.75 9.05 0.20872 42.80 2733
234.09 -32.01 0.11209 30.17 1591
251.97 4.84 0.19120 57.32 332
242.98 nan 0.01146 39.81 2274
317.58 -69.80 0.08793 37.72 1182
143.27 -15.44 0.13629 44.29 2616
59.65 -25.34 0.12035 45.90 1849
21.63 25.57 0.31885 34.81 261
121.24 nan 0.07132 55.87 3032
145.95 12.80 0.22705 36.96 2454
64.22 nan 0.07883 43.29 2529
343.41 26.98 0.33299 45.68 1767
352.23 -31.82 0.11231 43.67 1854
10.91 -16.02 0.13521 27.38 1271
170.60 nan 0.04341 39.43 2289
86.67 -17.92 0.13183 18.55 1731
68.27 nan 0.06636 47.52 221
326.46 nan 0.00064 35.47 2213
320.66 25.43 0.31746 42.97 1664
88.98 -49.29 0.09719 48.36 2505
105.13 24.52 0.30889 44.83 3335
45.18 -19.90 0.12850 44.78 2745
274.46 nan 0.02425 34.75 1921
165.43 21.82 0.28584 33.82 3025
210.72 nan 0.07583 33.86 279
138.23 -53.63 0.09458 41.18 3217
339.87 23.39 0.29883 26.95 1974
40.41 nan 0.02769 48.54 3376
232.39 27.73 0.34099 36.98 3221
245.08 8.96 0.20831 46.33 1901
37.00 13.71 0.23194 24.52 3412
104.88 20.40 0.27487 59.42 496
214.41 -32.33 0.11174 37.31 456
328.78 nan 0.03530 34.57 2329
38.70 25.46 0.31776 30.61 386
28.63 29.96 0.36678 26.65 2393
159.00 nan 0.00971 50.61 833
54.34 -13.01 0.14104 51.28 1864
302.57 -57.76 0.09245 43.28 2054
295.14 nan 0.04900 32.43 3135
257.75 -37.15 0.10679 24.34 886
132.66 14.48 0.23630 44.71 1603
213.84 nan 0.05105 25.14 254
193.03 nan 0.04988 27.31 1012
128.31 27.50 0.33845 30.34 1525
155.70 11.30 0.21940 30.59 2770
285.12 7.37 0.20137 33.90 1461
134.45 -30.40 0.11393 27.24 196
221.66 nan 0.05894 48.42 64
153.44 -7.58 0.15313 39.16 3250
80.18 27.45 0.33796 30.16 1409
243.19 10.67 0.21628 40.95 1918
29.40 6.22 0.19665 42.84 2742
236.88 1.84 0.18037 52.86 971
133.26 -12.64 0.14179 21.17 2027
290.32 nan 0.07426 26.84 2343
126.84 19.06 0.26516 48.22 2640
312.75 26.73 0.33037 46.94 595
268.81 nan 0.02774 33.38 662
130.41 -6.25 0.15645 28.87 2621
118.82 nan 0.05282 47.09 3036
296.18 -0.70 0.17210 33.29 2513
16.34 -75.70 0.08654 37.67 1031
190.28 13.20 0.22921 54.80 1360
221.33 22.89 0.29459 37.78 2634
41.06 nan 0.04690 44.45 1080
354.33 28.01 0.34408 40.13 503
7.64 28.89 0.35396 44.93 3129
340.67 17.15 0.25242 59.78 1741
217.78 -27.66 0.11729 42.97 958
0.37 -6.28 0.15637 39.77 2066
100.86 nan 0.08269 51.80 2660
201.56 nan 0.06425 38.18 872
112.37 nan 0.06989 41.95 2275
42.81 -1.68 0.16911 36.98 3454
221.26 29.29 0.35862 46.62 1784
0.62 23.04 0.29583 16.13 2201
233.17 nan 0.02332 26.44 828
271.33 26.53 0.32829 43.30 2493
47.10 4.57 0.19019 40.94 950
113.76 29.49 0.36104 41.08 837
33.30 nan 0.00423 43.45 1319
144.53 28.43 0.34875 38.14 3281
60.02 -17.64 0.13231 25.64 2691
150.06 -70.03 0.08787 43.52 3028
31.04 11.03 0.21805 51.56 2939
9.19 19.63 0.26919 35.54 857
270.05 -5.10 0.15946 34.51 283
280.46 -21.58 0.12583 39.43 3105
110.48 27.33 0.33669 47.62 3325
313.03 nan 0.06147 30.32 1471
315.42 13.89 0.23297 26.39 2492
67.39 nan 0.03797 44.91 1476
279.29 nan 0.04201 37.62 1628
139.77 28.91 0.35419 32.27 1801
140.53 12.96 0.22792 36.32 826
157.50 7.11 0.20030 34.05 1813
280.03 25.52 0.31835 39.65 2672
314.29 27.28 0.33611 39.74 3145
123.13 -26.92 0.11825 38.92 834
306.78 25.31 0.31633 36.65 2052
146.98 -41.26 0.10311 47.41 1440
222.36 2.23 0.18171 34.24 306
184.09 nan 0.07607 23.89 418
203.66 nan 0.01800 28.68 1006
325.59 nan 0.04147 35.86 1761
255.91 3.34 0.18563 42.92 3048
130.43 24.85 0.31196 42.10 2012
164.59 7.68 0.20269 65.81 1215
101.55 -4.29 0.16164 41.71 2175
233.96 nan 0.05167 23.35 366
326.17 14.40 0.23581 35.00 437
342.06 29.56 0.36191 31.54 202
311.99 -29.77 0.11468 40.55 1279
58.47 4.32 0.18926 49.94 903
42.82 -3.54 0.16371 34.70 2523
323.71 -69.90 0.08790 47.07 2089
36.76 13.79 0.23241 34.44 778
310.51 6.12 0.19623 53.09 1968
358.24 -40.21 0.10400 28.81 1305
311.82 22.13 0.28832 28.28 3399
2.99 -0.32 0.17330 43.48 1669
107.86 nan 0.03689 50.96 12
62.07 28.91 0.35424 27.64 1309
94.58 10.31 0.21458 32.11 2047
338.56 15.29 0.24099 38.61 1281
287.00 16.88 0.25068 35.35 3087
178.18 27.44 0.33780 26.07 1050
97.30 23.99 0.30416 24.77 888
255.71 nan 0.05630 37.70 1377
183.88 11.83 0.22205 54.29 973
184.85 nan 0.01632 42.75 55
342.66 nan 0.07429 28.36 3116
49.90 -14.08 0.13890 35.50 2693
21.59 7.30 0.20107 40.43 2217
122.41 nan 0.02858 24.68 71
126.68 nan 0.03115 55.19 3256
256.31 nan 0.00258 43.56 1617
324.76 27.35 0.33691 28.36 2723
216.21 nan 0.06408 36.14 3313
151.02 4.33 0.18929 38.57 508
335.49 20.32 0.27427 30.17 1869
23.40 -7.84 0.15251 39.36 1577
206.37 1.32 0.17861 50.89 2756
5.14 24.18 0.30585 34.92 1203
159.00 9.43 0.21045 38.24 3245
182.81 29.25 0.35817 34.06 2148
51.89 -10.36 0.14668 32.59 2377
221.24 1.31 0.17858 33.37 1888
247.86 11.35 0.21961 43.96 1803
57.46 -21.97 0.12524 29.59 2526
57.57 1.96 0.18079 37.81 944
161.12 18.53 0.26148 60.19 2566
277.96 nan 0.08359 39.00 1460
40.95 -8.22 0.15159 40.92 2570
197.75 6.02 0.19583 37.76 2994
33.03 -8.28 0.15146 30.98 1776
153.59 14.61 0.23704 49.72 1814
350.93 -16.81 0.13379 29.72 947
125.03 nan 0.01269 42.90 1709
42.13 9.07 0.20881 46.67 1329
270.07 25.65 0.31955 30.05 885
156.64 14.62 0.23706 56.48 1443
87.38 -9.82 0.14788 53.43 985
300.78 12.78 0.22694 30.57 1939
268.91 19.23 0.26636 38.97 935
208.78 nan 0.01345 30.36 866
322.99 4.71 0.19071 36.94 1269
50.17 23.82 0.30264 32.72 3381
105.18 27.47 0.33812 32.59 3260
317.49 26.53 0.32835 46.61 1209
142.27 22.68 0.29282 28.71 3007
327.89 nan 0.00276 26.85 2721
329.24 2.03 0.18103 40.07 467
249.87 nan 0.07404 34.16 765
142.91 -41.57 0.10286 40.72 149
304.21 nan 0.05995 61.52 565
341.70 -0.13 0.17388 17.74 1028
150.56 27.94 0.34326 32.14 2617
203.29 -49.66 0.09695 39.02 2608
60.98 nan 0.03750 42.65 1542
53.04 24.49 0.30866 44.12 2917
155.38 17.32 0.25348 27.96 3004
349.21 nan 0.07624 30.77 114
264.11 15.43 0.24180 45.45 2663
47.30 -4.88 0.16004 23.09 1148
146.12 nan 0.00744 35.60 2615
172.32 21.67 0.28466 33.61 3280
88.30 28.03 0.34420 43.71 2867
285.26 15.61 0.24284 33.35 384
134.87 22.65 0.29255 48.93 2775
140.28 22.95 0.29512 33.24 105
293.96 5.80 0.19497 42.14 2491
118.80 17.64 0.25554 46.16 605
273.90 -10.81 0.14567 38.68 3338
317.15 nan 0.04347 36.16 2224
54.78 29.12 0.35665 36.00 2895
49.05 -36.77 0.10715 35.21 2083
347.59 20.57 0.27616 47.64 407
212.35 nan 0.00681 32.30 2236
235.37 26.13 0.32431 23.65 379
308.51 17.90 0.25726 36.48 594
256.05 -10.05 0.14737 24.11 2829
246.61 nan 0.04505 29.24 1802
303.93 27.27 0.33602 35.79 2368
128.39 -17.71 0.13220 41.38 652
22.74 11.28 0.21927 25.87 864
22.91 13.95 0.23327 36.50 955
349.27 25.65 0.31959 38.78 2561
309.10 22.24 0.28925 50.21 1318
340.90 nan 0.01331 20.14 3431
226.42 2.14 0.18139 37.05 2126
314.96 nan 0.05095 37.85 242
52.17 20.47 0.27534 46.54 3416
129.95 -8.95 0.14987 31.14 171
207.99 5.72 0.19462 44.26 2757
70.01 nan 0.01976 39.06 472
163.32 nan 0.02202 60.41 2424
236.37 nan 0.01651 25.89 3223
28.93 -11.13 0.14498 25.98 2334
200.22 nan 0.07040 29.18 80
266.06 -10.39 0.14661 39.92 1240
146.31 nan 0.06834 34.86 212
47.66 -9.39 0.14887 36.23 334
168.30 nan 0.00374 38.24 918
309.31 -78.97 0.08598 39.66 376
359.66 nan 0.06849 32.81 2181
231.79 nan 0.00664 38.44 683
73.09 22.32 0.28989 26.56 1180
193.94 nan 0.08165 30.15 2612
69.10 nan 0.07753 34.13 3382
168.70 -60.53 0.09120 29.10 572
281.23 nan 0.06352 42.19 2048
239.72 -32.21 0.11188 26.90 3219
126.51 6.59 0.19814 27.23 3254
194.88 26.76 0.33065 35.06 1014
128.25 24.65 0.31008 39.85 2623
314.09 28.83 0.35331 53.71 741
227.49 9.66 0.21151 44.09 380
126.75 18.09 0.25857 35.55 970
259.91 nan 0.05656 44.41 2828
34.91 19.99 0.27186 33.03 2940
262.40 nan 0.05703 50.10 663
28.92 24.84 0.31184 25.42 1194
145.92 -44.33 0.10067 28.42 1447
133.45 0.10 0.17461 24.52 2619
132.83 nan 0.01194 32.87 389
241.36 nan 0.01430 20.86 2442
226.89 nan 0.03888 39.70 1162
324.57 -33.65 0.11031 46.14 1077
189.25 -8.45 0.15105 28.65 1382
243.78 -55.71 0.09347 43.30 3267
269.84 21.39 0.28240 43.95 159
330.22 28.09 0.34493 41.04 2728
188.97 28.81 0.35305 58.03 2961
122.17 nan 0.00934 40.35 3286
294.12 -18.96 0.13005 40.29 2362
47.56 -1.57 0.16944 29.01 2716
245.57 nan 0.04743 16.85 2806
61.45 23.80 0.30245 29.86 2363
61.57 20.98 0.27921 18.80 2360
134.49 2.01 0.18095 55.53 914
136.49 14.90 0.23866 34.53 17
268.81 22.73 0.29327 27.71 2159
101.34 29.76 0.36435 41.15 2173
41.72 10.34 0.21474 43.21 2689
129.25 26.36 0.32661 27.41 93
52.59 nan 0.03959 29.97 2376
115.52 -21.09 0.12659 31.07 1711
76.96 -0.22 0.17361 23.24 674
259.86 nan 0.02340 32.64 2854
154.03 -27.07 0.11805 42.85 6
309.64 nan 0.04856 30.18 587
337.24 -29.05 0.11555 68.31 2724
344.18 nan 0.02762 43.09 989
124.04 29.32 0.35906 25.22 794
251.54 21.54 0.28360 28.89 1903
256.25 10.29 0.21446 30.91 2647
35.06 25.14 0.31472 23.84 957
274.94 nan 0.04144 28.30 521
238.91 18.75 0.26299 33.87 2415
93.98 29.70 0.36366 22.70 889
231.15 23.57 0.30045 36.08 2636
309.42 27.66 0.34018 26.01 1552
243.95 nan 0.06359 50.25 2805
56.42 18.18 0.25916 33.02 423
34.65 -1.29 0.17029 43.98 2123
348.26 3.69 0.18691 33.09 814
356.11 nan 0.02283 40.43 1429
2.73 18.18 0.25913 36.78 1424
146.13 -37.13 0.10680 40.10 2772
27.37 nan 0.05835 32.40 775
343.65 nan 0.02934 38.18 1957
25.79 7.85 0.20344 46.95 1742
201.35 13.16 0.22897 29.48 2609
187.46 nan 0.05926 24.36 2993
133.89 20.56 0.27604 43.99 2946
222.99 23.53 0.30006 39.67 1208
213.40 -42.16 0.10238 36.54 2419
202.19 nan 0.02487 29.97 606
262.57 5.91 0.19540 28.35 664
66.63 -13.34 0.14038 35.68 186
52.20 14.52 0.23650 43.68 2381
18.83 -57.35 0.09265 43.26 398
130.88 -50.16 0.09664 47.97 696
49.88 nan 0.04309 24.38 3130
40.65 -0.67 0.17220 37.03 2081
313.96 -9.71 0.14813 36.07 993
221.95 10.98 0.21781 28.86 2575
36.53 -14.44 0.13820 38.00 2741
156.35 nan 0.07811 42.55 1691
49.38 -45.90 0.09950 21.86 1000
143.61 -1.37 0.17005 27.40 1522
298.75 nan 0.04015 21.32 1953
43.41 28.60 0.35064 25.84 1878
165.71 nan 0.03980 31.34 211
257.34 -20.90 0.12689 33.83 3054
123.77 28.78 0.35266 34.03 3059
303.43 nan 0.00154 37.82 3365
323.95 nan 0.06316 35.07 3113
334.32 nan 0.00364 34.60 1632
203.80 nan 0.03344 39.04 2953
286.79 nan 0.07461 36.31 2180
147.38 21.70 0.28489 44.25 2291
34.33 9.37 0.21016 20.61 636
218.75 -48.96 0.09740 31.53 2577
306.39 26.23 0.32531 32.62 2900
238.27 -6.13 0.15676 39.72 1368
311.86 9.23 0.20956 38.42 1421
96.25 28.74 0.35231 33.66 319
123.31 29.24 0.35804 46.25 838
22.94 23.16 0.29688 40.78 907
111.87 -20.56 0.12743 24.05 1825
355.90 7.49 0.20188 23.63 101
221.39 -57.37 0.09264 39.70 1093
315.57 nan 0.07704 45.01 3426
222.61 13.40 0.23026 35.98 3227
296.67 nan 0.06010 52.95 1135
120.73 -37.10 0.10684 37.83 604
290.65 27.98 0.34373 37.67 199
142.00 26.27 0.32570 32.53 877
219.60 -14.38 0.13831 38.37 714
222.64 6.27 0.19686 35.84 2574
227.87 -29.41 0.11511 34.38 1984
193.05 15.22 0.24056 27.26 1212
255.81 29.36 0.35955 15.00 763
321.24 nan 0.04605 58.56 2700
288.51 19.99 0.27185 33.74 1940
285.80 11.79 0.22185 32.45 562
86.45 nan 0.00956 39.14 1132
191.89 7.83 0.20335 26.10 2763
201.61 25.12 0.31453 37.76 268
252.94 22.16 0.28852 44.95 390
318.66 nan 0.08421 22.71 861
317.35 -0.03 0.17421 37.56 2906
275.42 -36.12 0.10778 33.33 1398
236.83 26.99 0.33304 27.64 2782
207.79 nan 0.08149 44.02 603
298.60 22.22 0.28905 43.71 3112
140.51 14.21 0.23476 31.06 2797
172.63 -0.20 0.17368 22.04 1677
255.58 nan 0.04381 41.10 3042
68.35 nan 0.00743 29.30 3100
24.17 nan 0.04459 39.63 323
116.72 nan 0.03434 28.06 601
96.97 -9.01 0.14973 41.89 40
208.87 29.95 0.36666 29.09 179
117.58 nan 0.07536 34.95 2295
315.25 11.89 0.22236 35.67 2880
135.18 -45.67 0.09967 15.46 138
134.05 29.02 0.35547 33.10 264
190.33 -33.13 0.11086 26.69 1503
88.47 -38.36 0.10566 24.21 1717
315.79 23.23 0.29753 28.26 411
53.08 -39.70 0.10446 33.18 2549
113.87 23.77 0.30217 33.92 3292
0.50 nan 0.05165 36.49 2929
322.74 nan 0.02143 44.06 2720
112.17 -0.30 0.17335 41.98 1713
88.13 -1.55 0.16948 37.96 236
107.38 2.79 0.18367 27.94 3296
82.14 5.20 0.19259 36.79 2059
247.24 nan 0.02764 25.52 2014
48.44 -22.54 0.12438 30.10 4
152.74 23.06 0.29604 31.73 2310
69.09 -13.73 0.13961 56.35 1265
122.90 14.98 0.23916 35.71 2820
68.47 -56.19 0.09322 33.95 3133
181.96 18.29 0.25991 24.91 2260
276.28 nan 0.08283 31.36 385
39.77 -15.12 0.13691 23.66 185
179.58 -15.36 0.13645 29.44 1008
191.03 -41.88 0.10260 43.62 3021
219.17 1.77 0.18014 37.85 387
300.64 -36.39 0.10752 21.40 1023
79.90 -40.34 0.10389 45.43 2678
189.77 1.28 0.17848 16.19 2422
53.12 25.95 0.32257 42.31 174
27.96 -3.86 0.16281 42.34 1656
321.74 29.47 0.36081 42.91 1763
343.07 21.84 0.28600 45.89 312
109.69 nan 0.04544 30.23 3061
30.41 5.92 0.19543 33.48 42
177.30 nan 0.02835 30.33 571
208.56 7.19 0.20061 29.66 1106
139.39 23.85 0.30286 40.06 1063
120.90 -28.46 0.11628 36.13 1444
108.25 12.41 0.22500 40.02 2169
317.86 23.39 0.29884 27.73 3428
57.34 -5.21 0.15916 39.21 1556
264.19 13.89 0.23297 31.49 3306
308.49 -19.90 0.12849 31.37 2898
146.07 -43.39 0.10139 40.07 3249
238.87 nan 0.02508 36.88 2250
303.02 nan 0.06833 42.61 2696
184.78 nan 0.04469 29.26 1882
330.51 nan 0.01340 34.90 3367
45.52 8.69 0.20712 29.00 82
8.29 nan 0.04642 50.80 1043
290.14 nan 0.01268 43.53 2872
308.04 5.67 0.19443 31.21 2855
303.72 nan 0.03296 44.19 498
340.51 21.07 0.27991 17.08 1651
274.69 -36.53 0.10739 41.94 1299
133.19 nan 0.03538 47.01 2267
34.96 -12.28 0.14254 38.47 1140
325.66 nan 0.02152 43.76 774
78.37 -58.78 0.09198 45.26 772
116.61 27.60 0.33957 22.23 2645
311.08 -9.74 0.14807 49.00 243
196.03 23.87 0.30303 40.05 431
178.28 14.88 0.23855 44.21 2588
279.98 25.72 0.32023 25.77 768
52.42 nan 0.00797 22.22 859
215.76 13.38 0.23017 26.26 2951
210.49 nan 0.01819 26.33 2753
205.16 21.66 0.28456 32.74 2657
168.59 nan 0.06849 34.95 2238
147.16 nan 0.03131 35.46 3212
316.67 nan 0.02508 40.66 1560
237.37 26.91 0.33220 46.37 2834
305.99 nan 0.02741 33.98 3386
316.07 29.55 0.36182 36.38 2553
228.00 nan 0.04932 27.77 3266
148.51 7.73 0.20292 35.16 218
19.88 4.48 0.18985 45.75 964
277.14 29.17 0.35722 25.99 1630
357.69 nan 0.04669 49.35 3346
253.75 nan 0.06028 40.39 450
133.36 5.53 0.19389 33.73 2800
174.36 8.08 0.20444 28.95 1056
262.43 9.19 0.20939 49.54 1920
197.91 nan 0.04146 35.67 2112
167.01 28.85 0.35354 42.94 2840
314.87 20.68 0.27697 33.65 2922
168.71 24.63 0.30992 28.99 1513
287.53 nan 0.06971 35.43 1942
111.84 6.17 0.19643 31.05 2157
144.75 28.30 0.34731 40.56 3005
17.22 21.95 0.28683 23.94 1772
198.33 9.11 0.20900 22.36 3205
25.50 24.87 0.31217 31.27 273
339.01 10.31 0.21455 33.84 1837
52.71 19.84 0.27073 35.06 2187
37.52 20.00 0.27188 33.57 646
304.15 22.48 0.29114 22.02 1559
283.33 4.93 0.19156 39.60 631
46.59 13.44 0.23049 36.02 1427
43.78 -29.54 0.11495 35.96 623
299.18 -39.84 0.10433 32.87 1734
111.13 nan 0.00682 17.29 3060
222.05 29.23 0.35791 29.38 1059
44.37 21.25 0.28130 37.03 3163
124.47 -1.35 0.17010 25.11 307
30.59 -4.50 0.16106 55.32 1273
222.78 -16.61 0.13414 39.62 427
325.60 29.92 0.36627 30.35 1087
169.27 nan 0.03385 33.42 880
295.57 nan 0.07291 28.22 2344
151.93 6.60 0.19819 49.59 445
159.08 18.07 0.25837 18.27 330
345.24 13.37 0.23013 42.64 1856
135.71 nan 0.03317 20.55 214
148.00 -13.62 0.13981 14.72 2595
66.54 26.40 0.32699 28.46 3383
157.23 -80.26 0.08580 32.69 2410
302.82 29.09 0.35634 24.14 1316
251.65 nan 0.03199 34.16 1123
126.25 19.97 0.27168 36.20 517
244.65 23.73 0.30183 34.54 2808
82.29 22.96 0.29519 40.34 2871
311.43 24.97 0.31306 42.78 1197
353.82 29.99 0.36712 41.12 3181
132.04 -41.65 0.10279 39.71 146
322.12 0.21 0.17497 41.26 3174
218.30 -4.73 0.16044 39.31 649
47.67 10.16 0.21385 33.90 2378
228.23 15.26 0.24077 30.59 2986
155.83 26.00 0.32305 31.38 541
36.74 19.63 0.26923 22.75 1964
1.17 21.62 0.28424 45.70 997
77.11 -68.34 0.08836 37.31 2192
233.21 nan 0.06295 33.05 1017
63.16 0.99 0.17752 29.58 584
146.52 12.67 0.22640 23.64 2136
317.13 13.68 0.23179 34.14 1428
41.91 21.45 0.28286 33.04 1541
167.60 18.86 0.26379 27.39 2766
213.31 14.07 0.23398 43.25 1519
61.73 nan 0.06369 33.76 1644
178.83 10.94 0.21761 45.06 3209
94.81 nan 0.04454 29.02 350
121.28 nan 0.02767 37.99 2802
112.46 23.50 0.29981 28.04 2641
218.18 nan 0.03472 41.09 1785
76.96 29.38 0.35979 23.33 2502
151.95 19.24 0.26646 39.49 1099
242.18 -45.20 0.10001 17.92 3016
45.69 -10.85 0.14558 32.98 2714
67.12 17.20 0.25272 33.14 2057
102.21 14.63 0.23711 40.96 370
317.19 19.41 0.26764 34.50 3153
277.69 2.32 0.18202 15.91 2849
83.69 21.73 0.28507 34.12 2339
172.94 14.97 0.23907 28.76 2309
171.27 16.46 0.24801 32.63 130
99.24 -28.98 0.11564 43.70 76
18.18 29.47 0.36077 31.51 901
237.48 nan 0.05982 40.18 1229
289.09 2.32 0.18201 39.68 3109
205.28 -43.19 0.10155 16.94 2127
240.59 24.89 0.31237 31.30 1700
309.23 nan 0.03962 54.57 2699
76.15 -17.28 0.13295 22.26 433
276.81 nan 0.02635 31.78 3079
114.71 14.82 0.23823 48.94 1015
261.94 nan 0.02744 29.26 280
118.40 nan 0.01700 29.44 2293
44.21 26.20 0.32502 24.43 1863
147.54 nan 0.04220 13.91 3002
343.66 nan 0.03449 37.46 1750
40.67 13.60 0.23136 20.11 3167
328.35 nan 0.06952 28.55 641
128.77 -44.48 0.10055 38.34 2140
89.49 -71.32 0.08753 28.98 1125
77.69 nan 0.03964 15.53 128
55.48 -46.72 0.09892 42.36 2056
346.16 -11.71 0.14374 47.94 3404
64.21 18.76 0.26309 22.11 1032
347.18 -11.54 0.14411 35.03 1482
267.02 -11.12 0.14500 25.36 1913
298.91 18.94 0.26431 32.71 611
332.10 26.74 0.33047 30.74 1572
359.97 -28.98 0.11563 21.53 3440
6.39 nan 0.06404 44.06 1576
59.28 20.29 0.27401 23.62 617
49.40 20.24 0.27368 47.75 676
271.34 nan 0.00618 34.68 371
70.64 nan 0.06831 33.68 305
163.98 -0.99 0.17119 30.15 3279
34.97 26.66 0.32963 45.69 1044
60.58 19.51 0.26833 27.36 2357
39.78 21.24 0.28121 20.94 1206
78.36 nan 0.06881 34.25 244
313.86 24.15 0.30560 27.27 2705
9.89 -27.61 0.11736 27.61 2388
44.23 -14.90 0.13731 22.79 1328
340.86 19.85 0.27083 33.06 3434
261.18 28.91 0.35421 39.09 2648
238.56 26.63 0.32937 35.99 2278
133.01 28.33 0.34760 55.62 1693
112.71 24.90 0.31243 27.24 2475
130.27 -14.62 0.13786 32.31 3010
272.94 nan 0.08270 24.62 2833
316.57 9.79 0.21210 24.25 1563
153.32 19.50 0.26825 30.73 31
46.12 0.78 0.17683 25.81 743
342.26 -35.40 0.10850 29.16 995
113.66 23.96 0.30390 51.95 2659
50.15 10.89 0.21736 37.59 2942
243.65 nan 0.04333 34.84 2032
176.07 -48.97 0.09739 35.57 205
53.44 -43.93 0.10097 13.99 3170
87.88 -6.25 0.15646 57.92 1626
325.37 21.43 0.28271 24.76 442
302.06 19.36 0.26731 23.76 1549
49.69 -19.08 0.12985 29.80 858
66.54 24.38 0.30760 37.97 806
226.52 nan 0.02285 39.48 426
179.49 29.39 0.35985 20.41 2242
20.42 -12.49 0.14212 22.70 546
145.38 11.59 0.22085 32.71 365
303.55 29.43 0.36038 23.28 1550
154.05 0.61 0.17626 31.11 1362
121.15 -46.94 0.09876 16.87 1170
75.73 21.73 0.28508 58.68 703
38.99 nan 0.01231 17.91 68
46.37 nan 0.03608 36.12 590
287.20 6.81 0.19904 18.96 2486
201.63 26.44 0.32746 49.00 1295
164.13 24.47 0.30846 29.56 1449
297.95 nan 0.02301 46.31 1470
38.83 nan 0.08041 23.07 1755
4.43 25.75 0.32053 14.45 776
233.38 14.36 0.23561 31.41 1
242.08 8.33 0.20551 24.69 1383
320.07 nan 0.04391 39.15 1492
288.25 nan 0.01898 28.81 520
244.06 nan 0.05612 17.06 1112
339.52 14.37 0.23568 34.47 3348
230.09 nan 0.02293 38.52 626
150.06 29.61 0.36256 32.46 3285
352.02 nan 0.06961 24.18 2883
248.64 17.58 0.25516 23.21 3311
46.42 26.75 0.33062 47.10 1185
45.35 25.56 0.31868 32.08 2944
271.63 nan 0.03814 34.65 667
120.11 17.66 0.25569 26.67 1817
152.45 2.34 0.18211 24.22 1062
84.67 nan 0.00869 38.44 147
349.49 nan 0.04068 36.42 1412
192.83 5.50 0.19376 42.23 687
243.68 28.97 0.35492 34.68 1606
207.79 -8.82 0.15018 36.35 579
8.90 nan 0.00431 44.58 1947
357.84 nan 0.02595 45.56 1845
263.92 5.26 0.19282 37.80 2463
14.80 nan 0.08272 28.51 66
138.14 -1.66 0.16916 28.39 118
296.31 23.13 0.29660 25.33 610
311.21 14.35 0.23554 39.00 1954
342.24 7.46 0.20176 41.95 2538
228.47 16.81 0.25025 38.58 1986
300.00 -19.56 0.12905 27.56 1181
152.94 12.38 0.22484 28.57 28
110.51 -9.89 0.14772 32.57 3328
261.48 29.38 0.35970 54.34 699
96.11 -47.13 0.09863 50.66 1068
326.20 nan 0.07334 15.05 3147
163.90 nan 0.00272 20.29 1909
229.22 nan 0.05943 28.90 2779
184.41 10.13 0.21372 55.91 1096
307.52 26.39 0.32688 34.60 1315
82.23 9.80 0.21219 46.36 3107
101.56 0.48 0.17586 37.21 3332
185.26 nan 0.04165 34.86 2257
242.77 -33.35 0.11063 26.38 1225
224.09 -64.13 0.08977 19.66 35
42.37 3.95 0.18787 23.12 1426
154.62 nan 0.00455 45.61 429
260.11 nan 0.03338 42.92 1121
305.40 23.03 0.29581 26.91 1073
183.02 nan 0.01777 52.89 1790
80.63 29.43 0.36037 33.50 673
116.59 15.32 0.24116 35.70 2458
235.07 7.25 0.20087 35.45 417
58.72 -12.36 0.14238 23.07 894
351.72 29.61 0.36251 29.46 2353
84.33 nan 0.01185 44.35 1310
3.43 -67.60 0.08858 36.76 2074
220.24 26.10 0.32397 29.71 337
191.64 24.56 0.30925 18.99 313
54.05 3.38 0.18579 28.96 2380
97.34 21.31 0.28181 32.96 3066
47.37 nan 0.04332 45.42 2080
3.40 8.79 0.20758 37.24 48
196.05 3.48 0.18616 31.42 302
47.47 1.59 0.17951 35.85 1859
282.93 -69.40 0.08804 39.53 1251
198.33 21.02 0.27952 36.93 2758
313.43 nan 0.00571 45.16 2223
227.63 29.81 0.36493 32.05 1783
116.17 nan 0.02584 39.19 126
33.80 -0.31 0.17333 27.63 2395
110.28 5.59 0.19412 28.61 1021
258.26 3.13 0.18490 32.12 295
212.82 nan 0.06903 25.48 1356
63.23 nan 0.06936 40.44 2891
201.05 6.55 0.19799 28.92 759
258.07 -12.94 0.14119 21.12 840
328.56 16.25 0.24672 33.46 1551
134.00 nan 0.08168 36.10 2974
162.87 -5.63 0.15806 44.34 252
276.45 23.08 0.29624 25.05 2319
90.63 4.98 0.19176 38.58 1069
28.50 22.88 0.29452 22.11 2738
204.32 -25.25 0.12048 18.54 1706
165.94 -21.49 0.12597 22.98 1586
307.70 11.87 0.22226 30.13 321
312.97 26.16 0.32461 39.35 682
103.60 23.67 0.30135 35.01 160
94.13 26.55 0.32852 26.17 3072
48.92 6.61 0.19822 30.38 815
145.33 nan 0.04452 32.61 2771
239.50 nan 0.04128 44.37 2780
91.90 28.88 0.35383 37.90 3336
28.46 28.74 0.35223 24.12 2100
54.04 -0.79 0.17182 35.70 1661
248.33 nan 0.01394 33.55 92
131.73 -21.45 0.12603 38.59 271
353.93 nan 0.06732 43.54 454
266.29 nan 0.01184 29.82 884
320.09 5.34 0.19313 29.76 78
246.14 -37.32 0.10662 37.12 100
73.72 -10.56 0.14623 33.14 2190
214.93 -15.72 0.13577 32.82 47
53.62 16.61 0.24895 50.96 1321
48.27 2.04 0.18106 33.72 1186
137.10 nan 0.01068 27.10 2967
207.86 -11.78 0.14359 30.16 2114
226.14 22.62 0.29235 39.56 550
61.71 24.34 0.30728 48.47 2071
202.41 25.27 0.31592 33.19 39
287.85 29.83 0.36518 22.92 476
339.50 3.36 0.18573 38.49 1946
85.79 -12.76 0.14155 36.42 296
99.69 29.64 0.36288 24.49 1829
316.48 16.66 0.24930 33.10 2087
152.33 19.19 0.26612 22.45 2039
133.10 nan 0.07873 26.44 1450
141.49 nan 0.05232 23.81 3248
101.63 19.34 0.26713 28.03 2846
254.45 -41.77 0.10269 48.14 1820
139.33 5.77 0.19483 31.23 1053
331.82 nan 0.02071 39.14 3366
344.96 -64.88 0.08949 36.29 644
316.41 nan 0.08428 23.62 1151
307.14 nan 0.00445 20.52 1033
289.73 22.91 0.29481 42.44 340
161.04 -26.03 0.11942 32.55 824
139.50 27.93 0.34319 32.56 2000
258.55 nan 0.04645 20.94 10
119.68 14.08 0.23405 21.84 928
273.72 20.69 0.27705 20.81 672
157.17 -2.30 0.16728 28.98 573
227.78 -19.86 0.12856 34.93 327
202.99 -16.42 0.13448 31.09 2258
164.55 nan 0.04692 36.71 1098
5.59 10.95 0.21766 41.03 2886
234.35 nan 0.06402 19.38 1293
135.99 -8.04 0.15203 35.86 1998
247.97 23.98 0.30404 36.49 839
198.33 -5.27 0.15901 25.90 1345
1.22 nan 0.03941 34.35 2562
26.56 12.54 0.22571 38.30 3126
87.73 10.91 0.21748 27.26 245
48.17 25.62 0.31927 26.18 358
89.00 27.25 0.33578 31.16 1127
296.59 29.67 0.36318 10.36 421
293.09 -42.77 0.10188 26.01 207
187.51 19.33 0.26707 40.66 2308
168.28 -45.94 0.09947 22.44 2261
326.40 nan 0.05880 37.59 247
75.07 15.68 0.24328 28.09 2680
134.09 -8.14 0.15179 35.68 2434
357.19 27.17 0.33501 35.35 749
6.07 23.88 0.30311 40.34 13
166.29 -12.00 0.14312 28.76 729
283.87 nan 0.03161 43.24 2320
76.26 12.33 0.22459 24.77 2511
312.12 28.07 0.34473 32.12 1491
181.58 10.58 0.21587 28.65 1620
316.44 nan 0.07689 36.13 246
140.08 6.30 0.19694 32.79 187
137.29 nan 0.07640 38.55 1110
47.04 23.62 0.30090 20.73 566
327.81 10.03 0.21323 34.15 1084
157.25 -13.97 0.13913 33.64 820
159.36 -2.94 0.16540 35.00 2769
119.30 nan 0.07832 40.67 3326
10.60 -14.17 0.13873 22.38 1474
199.40 28.50 0.34948 26.89 1372
31.63 28.76 0.35250 36.99 3164
111.58 10.38 0.21493 19.80 2457
332.10 2.91 0.18410 18.10 616
103.62 -82.28 0.08556 43.17 1174
116.82 7.31 0.20113 17.75 3329
267.20 nan 0.03795 27.99 2649
39.28 nan 0.04709 15.71 57
303.19 -10.57 0.14622 26.19 184
297.91 11.49 0.22035 43.01 3392
193.32 28.87 0.35373 19.83 2131
193.71 nan 0.04109 36.84 2759
142.24 9.81 0.21222 43.82 1058
330.19 -43.53 0.10128 24.40 2518
260.99 nan 0.05250 33.87 841
243.91 nan 0.02945 32.69 1529
45.62 -20.68 0.12725 33.88 322
7.67 -9.07 0.14960 25.17 1423
219.86 20.37 0.27466 22.38 3270
147.04 nan 0.03284 50.32 2639
191.98 4.87 0.19132 45.74 1810
21.53 nan 0.03124 35.37 1157
12.85 -34.34 0.10958 18.92 1129
61.05 -3.90 0.16271 41.93 209
317.11 nan 0.02679 28.34 1278
209.89 20.48 0.27548 37.07 1674
77.77 25.34 0.31660 24.31 892
35.36 11.58 0.22079 28.69 3162
220.11 29.93 0.36640 49.17 733
239.97 11.92 0.22250 36.93 2602
274.98 nan 0.02445 17.60 2485
63.18 25.45 0.31769 29.91 1255
255.22 -22.56 0.12434 38.64 281
235.22 29.35 0.35943 23.69 1697
318.37 28.59 0.35053 37.46 1760
262.75 nan 0.04587 30.72 227
46.78 -6.08 0.15689 43.95 2069
156.24 27.93 0.34313 35.68 651
293.96 12.18 0.22385 17.88 2877
5.89 9.54 0.21096 22.11 299
56.52 26.86 0.33177 36.66 679
111.79 -61.63 0.09074 31.97 1245
252.60 13.56 0.23117 35.15 1292
235.56 11.63 0.22103 29.23 2145
256.26 nan 0.01909 37.83 2158
64.27 12.18 0.22384 39.97 1850
122.42 17.59 0.25525 22.48 796
34.39 27.93 0.34315 38.75 1876
166.52 1.84 0.18037 39.23 483
89.98 6.22 0.19666 44.22 1072
203.18 29.72 0.36383 36.20 2987
191.11 5.05 0.19201 37.56 658
168.91 nan 0.03031 26.98 2764
1.43 -0.26 0.17347 21.17 899
326.80 nan 0.02991 22.08 2923
225.29 nan 0.05620 20.56 1879
181.91 7.74 0.20294 24.83 578
243.49 20.46 0.27532 40.51 3264
303.64 4.53 0.19005 20.99 1736
114.77 -55.37 0.09365 29.75 1236
30.54 15.11 0.23992 24.50 2102
89.50 6.31 0.19699 25.09 1024
288.22 20.81 0.27792 25.52 3082
47.88 26.65 0.32953 48.31 2232
238.33 -3.34 0.16428 12.50 1699
46.64 29.06 0.35595 43.27 1130
17.48 -13.47 0.14011 33.16 1002
29.37 19.27 0.26666 19.27 347
130.26 -3.16 0.16478 21.38 1898
69.82 -9.81 0.14791 15.61 1748
219.33 27.86 0.34242 39.18 2110
156.55 13.61 0.23141 26.31 911
282.85 -11.95 0.14325 38.08 737
191.92 -2.23 0.16747 31.25 2284
2.30 -29.86 0.11457 35.69 3442
141.82 nan 0.08033 30.04 625
95.57 20.98 0.27925 24.07 2483
77.58 21.19 0.28084 37.75 1637
72.81 -29.38 0.11515 29.74 2864
182.76 -1.04 0.17106 24.63 224
285.50 -29.09 0.11551 25.96 1936
134.68 nan 0.04297 32.19 627
260.67 20.48 0.27547 21.97 1927
42.63 -11.48 0.14423 19.88 545
15.00 nan 0.02096 26.79 1575
3.96 22.86 0.29433 28.66 645
255.74 23.95 0.30374 10.86 3300
188.81 nan 0.03040 26.90 2283
311.47 21.43 0.28276 24.80 2899
228.11 19.87 0.27093 20.57 791
115.53 -73.86 0.08692 35.93 2164
213.00 nan 0.07659 37.49 685
330.59 13.81 0.23254 30.69 3369
177.86 nan 0.04078 35.09 1884
16.13 nan 0.01826 32.53 1846
56.71 16.88 0.25069 39.81 1488
152.18 -19.41 0.12930 16.13 1214
41.77 28.65 0.35123 38.90 3169
194.91 26.70 0.33010 29.17 2996
147.80 10.62 0.21607 26.52 876
28.18 nan 0.01578 28.91 1272
330.91 nan 0.04197 35.84 3432
182.06 nan 0.06394 30.50 1799
97.82 nan 0.03236 25.09 2171
327.85 21.24 0.28124 14.53 1956
196.01 nan 0.00996 34.31 241
348.64 12.22 0.22404 34.87 3122
339.51 5.39 0.19333 39.96 2708
40.29 nan 0.06989 20.25 2856
183.24 nan 0.05000 27.63 2762
311.50 -4.63 0.16072 27.36 1187
126.82 23.44 0.29927 44.81 1524
234.80 28.36 0.34795 37.96 61
279.46 28.11 0.34518 13.73 2673
276.00 28.02 0.34415 33.43 1248
131.25 10.92 0.21752 32.06 1621
312.63 nan 0.06909 42.89 410
119.79 nan 0.03086 34.66 553
139.18 18.47 0.26111 17.36 1009
266.45 nan 0.06402 27.35 3051
247.17 -25.40 0.12028 32.18 1615
117.18 29.78 0.36456 48.31 3297
30.19 -16.77 0.13386 25.68 777
284.15 20.81 0.27793 32.14 1835
204.22 nan 0.07423 25.29 1441
308.26 27.16 0.33490 44.88 941
314.10 -23.34 0.12319 34.19 1035
343.77 3.09 0.18475 16.08 1041
290.90 -24.50 0.12153 34.91 1402
33.81 -62.95 0.09021 28.45 1500
322.49 nan 0.08016 30.61 2924
176.23 nan 0.04420 33.87 2239
13.62 nan 0.03427 24.58 3439
144.20 26.41 0.32710 37.72 2412
42.77 nan 0.04613 29.04 409
173.60 21.78 0.28553 55.25 1598
351.98 24.53 0.30903 30.30 1154
52.51 nan 0.03797 40.23 1418
127.70 nan 0.02008 30.19 486
334.88 22.25 0.28930 32.44 1030
43.52 6.17 0.19645 35.92 2105
301.25 27.05 0.33373 40.04 586
44.33 29.31 0.35891 18.19 38
248.88 -26.04 0.11941 31.77 2467
351.57 -3.51 0.16378 35.83 1483
263.47 16.83 0.25038 46.78 732
251.59 21.31 0.28178 21.50 978
139.73 20.69 0.27700 36.12 2125
221.62 6.87 0.19930 23.26 1583
244.60 nan 0.07979 28.57 920
110.45 4.82 0.19112 36.23 32
114.35 26.60 0.32908 39.50 3040
11.66 nan 0.05578 36.47 750
213.87 3.39 0.18581 35.07 3056
105.09 2.26 0.18181 27.07 1930
40.99 3.70 0.18693 26.76 1860
130.57 nan 0.08383 35.20 1223
172.52 nan 0.07582 26.51 1993
138.73 nan 0.02062 27.22 3215
105.95 -17.04 0.13336 32.44 803
255.75 22.74 0.29337 37.30 127
122.21 7.37 0.20139 36.04 2168
120.56 nan 0.06794 30.87 2414
103.07 -22.66 0.12419 24.52 107
220.17 nan 0.02716 29.29 3222
112.08 15.14 0.24006 25.36 1386
345.87 nan 0.04279 40.10 1768
198.87 -29.16 0.11542 39.63 361
70.92 -34.84 0.10907 24.59 14
214.43 -31.55 0.11260 22.60 2948
250.62 18.19 0.25922 41.18 1902
118.56 21.31 0.28178 23.76 1376
311.62 nan 0.03727 15.95 2084
55.38 13.04 0.22834 18.28 2893
236.00 28.58 0.35038 28.61 1805
226.55 25.81 0.32118 49.78 1887
181.69 -40.05 0.10414 22.05 2791
134.35 nan 0.05867 23.38 3253
191.24 13.57 0.23119 22.98 1883
111.87 -58.19 0.09225 31.40 1389
337.75 27.28 0.33614 29.01 1573
300.82 4.06 0.18829 30.48 3390
240.75 25.66 0.31969 41.75 70
310.39 -32.59 0.11145 15.67 3389
15.13 24.06 0.30476 40.50 548
132.23 nan 0.00285 47.14 1168
216.95 nan 0.05166 38.91 786
127.20 -24.10 0.12209 25.78 1695
268.40 nan 0.06017 14.40 3308
229.36 nan 0.02274 42.61 249
313.61 nan 0.07231 19.24 613
48.33 -53.78 0.09450 53.56 1416
329.45 14.18 0.23457 35.80 905
234.36 21.04 0.27968 38.30 2811
41.28 nan 0.01035 30.57 2712
114.19 -24.90 0.12096 36.05 2842
250.14 nan 0.07580 27.34 3046
167.47 -18.53 0.13078 28.02 1219
127.68 5.28 0.19292 36.62 2804
221.00 20.78 0.27771 24.75 2635
218.08 -25.26 0.12047 29.25 414
109.93 nan 0.02138 40.23 1244
287.29 26.89 0.33199 26.24 2324
259.99 27.04 0.33357 20.16 3301
142.59 20.37 0.27465 22.08 1163
199.90 -42.05 0.10246 35.92 1218
342.75 20.20 0.27338 35.81 2202
47.85 21.36 0.28218 16.69 1555
138.67 nan 0.03722 24.29 1439
210.93 6.89 0.19937 18.03 1435
119.14 9.91 0.21269 39.03 3257
289.16 29.88 0.36577 21.51 744
295.99 -1.41 0.16991 27.74 1136
141.48 24.23 0.30630 19.20 654
29.67 -27.65 0.11731 24.46 336
291.52 nan 0.02287 36.50 893
135.87 nan 0.01322 22.86 2431
109.82 0.80 0.17688 30.57 368
35.52 13.91 0.23307 34.83 804
85.45 -38.71 0.10533 33.15 607
339.13 12.38 0.22489 30.34 898
37.01 19.19 0.26609 42.01 1554
233.05 15.43 0.24176 27.92 1354
196.55 nan 0.07939 17.46 177
112.87 -9.66 0.14823 49.04 1242
26.41 27.63 0.33989 23.56 3187
251.68 15.71 0.24345 41.11 2650
136.59 1.74 0.18002 38.31 2801
100.98 -41.43 0.10297 25.37 3331
344.68 24.59 0.30957 37.28 1652
260.22 nan 0.01413 27.64 3045
121.99 27.59 0.33943 25.95 3294
328.21 -7.52 0.15330 42.14 412
130.13 -38.16 0.10584 17.20 3006
138.61 -28.75 0.11592 43.38 226
168.97 -3.40 0.16410 32.39 1448
64.69 29.61 0.36245 38.20 1264
144.71 nan 0.05925 42.52 1692
207.66 23.22 0.29745 33.33 2611
332.97 13.97 0.23338 40.80 2908
331.38 -6.50 0.15583 35.15 1472
177.90 14.87 0.23850 31.30 2262
47.04 -27.51 0.11748 40.14 3415
340.58 nan 0.02704 32.49 1267
98.46 nan 0.05760 42.91 3330
304.31 6.13 0.19628 24.77 3391
235.71 21.38 0.28232 22.61 3316
148.24 -21.86 0.12540 40.39 1363
293.34 -58.92 0.09191 40.00 1468
78.65 nan 0.02955 33.99 181
205.22 nan 0.05065 44.46 3019
132.76 -15.64 0.13592 17.17 2620
207.52 -34.05 0.10988 31.16 960
232.47 24.52 0.30893 27.35 1446
329.99 6.37 0.19723 41.89 3430
181.39 29.42 0.36017 24.05 2117
195.51 16.53 0.24847 32.31 1504
287.45 5.86 0.19520 29.14 2671
262.38 28.62 0.35085 32.03 2655
199.98 4.59 0.19025 34.35 1060
124.91 nan 0.02429 20.56 1686
36.38 7.83 0.20333 34.53 2396
233.54 0.37 0.17549 35.48 965
265.87 -9.10 0.14954 16.12 2030
144.85 22.71 0.29306 22.70 2247
286.16 22.10 0.28806 23.42 984
279.20 29.31 0.35888 15.35 702
153.75 23.91 0.30344 34.28 2137
228.48 28.10 0.34505 24.37 2469
74.17 -7.44 0.15349 43.03 3096
151.33 nan 0.02106 22.59 269
279.40 15.90 0.24462 36.32 497
227.64 -2.01 0.16811 21.15 915
288.38 0.93 0.17733 31.55 845
230.70 19.41 0.26767 20.62 1889
358.95 15.00 0.23926 17.01 544
319.82 nan 0.00240 28.79 2222
145.36 17.72 0.25611 33.55 2026
101.10 21.83 0.28590 39.67 2172
147.59 22.69 0.29294 30.94 719
0.34 -24.33 0.12177 17.34 2227
171.41 nan 0.03090 17.70 81
20.72 nan 0.03705 31.29 3445
317.92 4.64 0.19044 15.46 680
112.64 14.10 0.23415 20.06 3290
321.49 nan 0.04788 22.56 2064
169.62 11.61 0.22094 35.86 362
104.05 3.44 0.18599 22.14 3333
66.86 19.89 0.27109 27.38 1254
295.12 25.63 0.31935 34.76 3385
47.90 nan 0.08251 32.02 2331
133.80 -13.61 0.13983 36.67 2573
301.03 27.39 0.33734 35.05 3088
313.82 29.42 0.36020 26.36 2554
208.55 26.20 0.32503 50.54 1046
27.12 10.26 0.21432 23.64 1978
244.48 12.60 0.22600 38.86 135
321.25 nan 0.01659 30.08 2085
344.40 -3.43 0.16403 30.08 11
41.31 17.81 0.25667 29.17 2398
229.19 0.70 0.17655 20.60 2234
38.22 7.08 0.20016 18.78 542
351.94 19.61 0.26906 34.43 3436
304.40 25.52 0.31831 19.93 3394
260.76 -38.13 0.10587 14.12 1238
305.27 13.65 0.23163 34.37 1479
157.33 nan 0.03552 21.52 2009
352.88 -10.46 0.14645 18.39 1675
259.29 nan 0.04269 22.63 2832
218.47 23.49 0.29971 34.73 2784
18.95 -41.57 0.10285 23.72 2228
324.02 nan 0.05914 27.50 1493
56.32 29.75 0.36424 40.15 1332
264.67 27.75 0.34118 24.67 2836
180.30 nan 0.00786 32.72 161
110.96 nan 0.06976 31.96 3062
27.04 -11.12 0.14502 35.65 1753
353.08 nan 0.01356 32.03 1751
14.90 25.91 0.32208 26.26 2736
166.66 7.33 0.20123 32.21 1057
36.03 27.50 0.33849 47.04 2375
125.24 -33.99 0.10995 38.69 150
349.71 nan 0.01967 36.55 1725
296.45 3.72 0.18702 36.73 1547
130.66 nan 0.05754 21.84 2138
152.21 26.39 0.32692 45.01 1996
103.36 5.98 0.19566 29.18 3075
212.84 -18.17 0.13138 22.86 3200
346.08 -24.10 0.12210 28.19 1769
227.54 nan 0.07613 26.93 2446
285.83 14.37 0.23565 28.20 609
84.06 21.39 0.28239 34.92 1544
321.67 nan 0.00759 21.05 1481
236.07 -6.96 0.15467 26.93 921
196.59 26.76 0.33066 33.79 51
297.58 -1.61 0.16931 22.29 2348
20.67 13.56 0.23116 30.18 455
232.27 26.29 0.32587 35.84 721
203.76 nan 0.04715 25.84 2785
19.92 10.96 0.21771 31.95 782
59.97 14.40 0.23585 29.55 2527
218.06 26.81 0.33125 34.63 1003
201.05 nan 0.01303 37.72 758
93.52 21.39 0.28245 27.28 1458
330.68 -84.18 0.08539 34.39 639
23.57 7.07 0.20014 33.25 1336
314.09 17.65 0.25560 37.21 951
350.80 nan 0.00790 34.46 346
256.08 -11.59 0.14399 28.25 3012
277.46 21.25 0.28135 28.82 558
272.13 28.81 0.35310 29.43 3318
94.50 -66.07 0.08908 26.75 2845
152.58 -73.99 0.08689 33.56 2472
211.20 23.74 0.30193 26.22 487
307.17 nan 0.01766 25.16 286
83.94 nan 0.05669 22.45 320
349.70 -5.58 0.15818 30.69 3157
319.14 25.98 0.32282 37.74 16
330.14 nan 0.00354 27.02 2853
237.29 18.69 0.26263 34.99 2810
49.75 -12.84 0.14140 18.52 1982
123.18 3.26 0.18534 31.05 1712
306.71 -11.65 0.14387 35.66 817
126.60 -19.41 0.12930 34.68 464
128.84 nan 0.07138 28.93 1364
242.96 nan 0.05299 20.45 3314
300.14 -8.02 0.15207 20.83 43
124.43 6.04 0.19590 27.84 2439
144.99 29.05 0.35584 36.75 447
298.25 13.46 0.23059 40.93 1844
177.27 26.86 0.33170 30.89 1678
214.75 14.85 0.23840 30.31 2610
209.74 19.72 0.26989 38.18 1045
331.94 -59.64 0.09159 17.50 3119
36.80 15.26 0.24076 17.54 2101
187.62 nan 0.06707 28.34 1705
231.59 12.86 0.22739 28.23 1289
211.46 24.05 0.30466 51.15 399
123.03 nan 0.00886 31.62 2819
107.17 -6.55 0.15569 35.28 2297
359.13 4.84 0.19121 36.96 1975
83.52 19.30 0.26690 27.19 1733
210.76 11.53 0.22053 26.39 2949
247.96 nan 0.00210 32.06 2624
327.74 -29.11 0.11547 26.09 3173
213.59 10.33 0.21466 35.08 1107
190.01 nan 0.03604 45.77 2760
112.25 23.05 0.29599 28.18 735
310.87 -52.96 0.09496 32.31 2702
24.37 27.25 0.33584 27.50 526
32.84 21.68 0.28473 35.24 1684
44.92 27.22 0.33553 45.32 2572
350.71 15.01 0.23931 29.87 1029
280.61 4.02 0.18813 33.64 1538
173.64 28.09 0.34492 30.28 1234
330.64 -41.67 0.10278 30.70 2092
261.89 19.21 0.26625 43.69 258
231.86 23.79 0.30235 27.43 959
358.84 nan 0.00848 32.99 2729
94.51 29.06 0.35594 28.66 2484
186.40 nan 0.03821 33.98 511
268.63 26.61 0.32916 44.51 469
13.20 18.81 0.26346 36.17 1036
270.08 -40.97 0.10336 30.24 1536
354.99 nan 0.02127 21.92 479
89.00 20.86 0.27835 29.44 1396
321.73 23.13 0.29664 16.35 260
42.74 -16.57 0.13421 39.62 3190
182.10 nan 0.02166 34.26 2421
40.59 -52.92 0.09499 43.48 1204
46.54 nan 0.06431 39.54 527
164.71 20.96 0.27908 11.46 2290
315.56 8.99 0.20845 27.58 2704
294.53 22.56 0.29184 29.69 3359
203.96 nan 0.05037 40.38 2581
141.24 -8.38 0.15120 22.09 3321
352.70 26.57 0.32877 38.65 3179
85.69 -35.11 0.10880 18.34 1134
9.42 nan 0.04579 27.84 1497
56.06 9.04 0.20870 45.77 2892
204.51 -1.79 0.16878 33.46 3239
132.82 21.90 0.28643 30.10 2292
216.13 nan 0.03820 45.55 1687
211.61 24.40 0.30780 28.42 629
196.91 20.88 0.27847 31.12 1990
183.33 -23.65 0.12274 40.44 910
16.07 nan 0.02950 18.66 3183
72.79 nan 0.02363 22.94 2528
21.16 14.33 0.23542 33.10 44
288.11 0.92 0.17730 12.71 9
118.84 28.70 0.35185 23.90 2824
216.65 8.34 0.20558 18.51 2280
135.17 nan 0.08383 22.44 723
346.18 27.95 0.34339 31.65 3180
202.30 nan 0.04783 31.68 1159
9.58 -8.19 0.15167 34.50 1977
61.16 -51.52 0.09580 41.22 2207
314.02 27.39 0.33728 39.72 2330
124.79 nan 0.07296 32.93 919
225.30 11.24 0.21909 23.44 97
320.99 0.64 0.17638 38.25 2367
174.89 16.73 0.24971 27.79 2963
108.01 24.41 0.30789 25.72 1531
334.98 3.76 0.18717 18.85 22
227.46 nan 0.05876 29.90 829
237.09 17.02 0.25159 13.92 401
7.39 20.37 0.27466 27.32 1184
28.02 15.53 0.24238 19.72 1404
298.75 29.51 0.36135 16.50 1314
69.80 7.78 0.20314 20.12 1308
190.35 nan 0.07211 22.59 2237
311.35 nan 0.04821 27.17 3388
267.11 -1.24 0.17045 15.99 581
203.43 15.49 0.24217 40.68 2956
205.30 20.65 0.27674 29.12 551
315.87 17.26 0.25308 30.90 2719
141.96 22.41 0.29062 29.92 1508
309.28 nan 0.05131 21.76 132
276.50 28.40 0.34842 29.26 2177
307.28 -36.62 0.10729 9.79 2701
233.33 -30.94 0.11331 32.03 3262
45.02 nan 0.02484 42.47 1659
212.99 29.54 0.36169 36.60 577
222.27 27.90 0.34282 33.15 2790
23.23 -37.35 0.10660 17.04 1282
142.90 28.17 0.34578 33.40 292
206.34 -24.95 0.12089 16.73 1584
306.13 23.37 0.29871 17.36 1145
259.84 nan 0.00771 20.26 1298
341.27 -58.34 0.09218 25.11 2386
340.91 nan 0.01191 24.59 1088
111.71 -12.36 0.14238 25.09 3295
299.58 25.30 0.31623 27.87 2063
111.14 nan 0.06735 36.32 1390
95.79 -7.02 0.15451 16.55 1395
299.88 nan 0.03505 34.59 1322
109.57 29.36 0.35956 46.69 1818
202.35 15.94 0.24485 31.72 2420
280.10 29.13 0.35675 26.82 2488
100.32 -5.55 0.15827 23.21 736
120.60 -32.96 0.11105 14.14 1010
265.26 9.15 0.20918 35.81 1296
333.66 -60.30 0.09130 16.91 1764
53.04 nan 0.07904 38.61 2860
208.26 28.51 0.34962 31.60 2405
317.08 23.70 0.30155 22.86 1944
117.30 nan 0.01972 26.45 981
60.50 17.54 0.25493 36.04 986
77.11 14.68 0.23739 23.34 2193
24.99 27.95 0.34337 39.14 2887
38.62 -54.30 0.09422 17.97 1874
336.88 -55.15 0.09376 21.88 351
313.97 27.07 0.33391 29.17 345
22.98 18.17 0.25905 31.97 3409
9.45 nan 0.07591 28.24 751
233.58 nan 0.07109 21.46 1164
82.80 13.74 0.23215 16.48 1545
271.26 20.44 0.27518 23.79 1627
242.69 nan 0.05250 17.72 2466
151.89 nan 0.07301 17.35 1455
339.77 -36.28 0.10763 27.88 1971
334.20 9.52 0.21087 25.02 945
296.60 26.18 0.32478 25.99 740
101.83 nan 0.02409 25.29 802
195.48 29.15 0.35701 45.29 137
175.04 27.67 0.34028 26.19 1679
130.86 18.63 0.26219 17.90 691
327.30 24.34 0.30727 20.62 2383
5.43 15.51 0.24224 45.88 2735
218.82 nan 0.05741 42.87 726
111.20 29.47 0.36086 33.95 1622
279.40 19.24 0.26647 17.03 1934
132.56 nan 0.02635 22.62 1815
200.17 10.24 0.21423 15.26 2583
271.93 nan 0.02248 22.55 1246
294.52 1.35 0.17872 47.24 2675
227.88 -31.87 0.11225 25.69 536
158.96 10.54 0.21568 46.78 1928
190.61 nan 0.04444 19.23 462
312.26 -19.56 0.12906 16.55 109
91.82 nan 0.07523 16.37 89
315.03 19.27 0.26666 16.68 2552
107.50 11.15 0.21866 26.83 3065
142.54 15.78 0.24390 23.96 1351
225.21 7.84 0.20339 32.49 1158
25.07 nan 0.02511 30.45 783
215.87 24.18 0.30581 13.44 2162
63.81 29.00 0.35526 33.06 192
39.09 -9.41 0.14881 23.60 1848
214.47 -22.58 0.12431 33.53 1357
180.89 27.71 0.34072 25.87 969
211.31 10.68 0.21635 41.69 754
52.62 18.43 0.26081 27.35 1196
264.92 27.94 0.34321 21.06 557
261.44 nan 0.03709 36.28 977
173.03 -16.82 0.13376 25.95 2765
313.49 -0.79 0.17181 21.32 3368
63.72 23.86 0.30300 35.21 1941
155.90 nan 0.03226 14.39 2288
78.61 16.58 0.24877 30.50 3353
136.05 nan 0.01466 27.38 1102
131.94 -19.44 0.12926 26.88 117
69.44 nan 0.00543 34.88 310
311.59 21.50 0.28330 16.24 1083
301.08 28.41 0.34855 36.64 1252
211.82 nan 0.05566 34.83 3233
156.83 27.79 0.34159 28.76 912
31.75 nan 0.06885 40.71 1192
33.07 28.58 0.35037 22.68 2358
274.48 21.85 0.28606 22.39 2852
172.32 nan 0.02759 11.22 2638
10.22 -27.87 0.11702 35.87 2520
16.30 27.08 0.33404 25.93 1191
54.96 27.40 0.33741 29.13 1662
316.90 -16.18 0.13492 22.64 2556
244.09 14.82 0.23823 23.19 518
218.08 nan 0.03086 24.94 648
285.26 19.83 0.27069 23.15 668
256.00 28.12 0.34525 30.22 151
109.88 21.39 0.28238 21.88 466
257.61 13.41 0.23035 38.40 492
237.81 nan 0.08330 19.91 1923
226.31 4.11 0.18848 22.15 2160
134.24 18.40 0.26063 38.76 1516
314.78 -9.94 0.14760 34.12 2879
249.63 1.10 0.17787 20.80 402
357.86 9.40 0.21034 32.78 707
188.65 25.57 0.31880 18.28 172
206.08 29.80 0.36485 19.96 1370
224.83 22.23 0.28912 28.55 865
262.93 21.55 0.28366 29.84 2031
73.56 -11.25 0.14473 20.94 1478
249.38 13.69 0.23184 23.10 2830
46.65 nan 0.02341 34.58 3452
80.28 -20.04 0.12827 30.52 2060
115.91 19.75 0.27010 24.90 976
26.37 -22.20 0.12489 29.94 500
136.40 nan 0.00325 20.62 277
58.85 14.54 0.23661 28.61 1419
247.17 nan 0.03494 22.04 2652
60.16 nan 0.07659 50.19 1149
70.86 23.75 0.30200 13.20 855
311.93 0.50 0.17590 18.00 1562
226.09 23.77 0.30219 25.39 2282
106.33 nan 0.07180 29.05 2156
24.81 27.48 0.33828 19.11 2394
148.98 26.12 0.32422 27.43 1100
227.46 1.04 0.17769 37.18 3268
142.19 nan 0.08157 34.61 2427
258.81 28.30 0.34730 30.78 228
135.17 14.31 0.23532 27.90 2040
246.98 -52.10 0.09546 36.12 3305
261.99 28.19 0.34604 16.50 2464
87.72 -0.69 0.17214 27.99 1407
295.96 -9.92 0.14766 20.35 1735
44.79 -79.08 0.08596 30.75 3194
213.55 nan 0.03392 24.09 1582
15.07 nan 0.01474 27.75 948
161.20 -43.02 0.10168 15.99 831
321.04 nan 0.01734 38.85 1152
57.33 28.47 0.34923 26.95 1331
146.21 -5.32 0.15886 35.78 60
353.94 nan 0.06144 26.03 104
327.30 nan 0.06133 24.89 2404
29.32 4.90 0.19146 25.50 298
184.88 1.58 0.17948 13.00 2960
332.70 nan 0.07292 25.60 397
178.60 -44.77 0.10033 22.07 792
208.41 5.37 0.19326 21.97 879
311.63 10.75 0.21668 33.69 808
175.85 -34.88 0.10903 20.67 1347
220.87 nan 0.03961 13.24 2470
152.11 -10.84 0.14562 46.69 1680
137.08 8.30 0.20537 34.12 2976
133.60 24.85 0.31194 19.62 2413
1.57 nan 0.00711 38.12 2732
136.21 -41.69 0.10276 20.85 2249
87.59 nan 0.07918 24.02 3354
112.45 nan 0.05052 21.30 2642
310.23 -55.36 0.09365 32.91 2086
53.33 nan 0.05557 36.87 2189
161.25 nan 0.01906 41.84 1221
50.45 0.33 0.17536 33.81 713
160.51 4.15 0.18861 30.72 2134
318.80 23.75 0.30202 23.36 681
7.68 nan 0.00021 32.37 1201
216.25 nan 0.04380 26.90 576
96.36 6.93 0.19955 19.22 2046
118.58 20.93 0.27889 16.82 3038
49.13 nan 0.03892 29.37 531
222.97 12.16 0.22372 28.15 2576
242.58 21.19 0.28090 44.28 3014
228.83 11.46 0.22019 35.97 569
230.31 27.35 0.33692 20.79 2251
76.95 -10.30 0.14680 37.21 2870
16.60 1.24 0.17836 17.16 2075
221.00 26.77 0.33081 22.04 1689
172.73 -10.01 0.14745 14.79 2408
207.44 nan 0.02540 20.85 282
44.01 21.99 0.28716 32.49 3128
138.49 -30.72 0.11357 34.78 597
31.73 27.22 0.33548 22.27 742
254.70 -19.74 0.12875 12.08 1900
226.09 24.70 0.31056 19.14 2401
25.38 18.50 0.26131 17.72 1337
292.69 -21.82 0.12546 39.44 341
257.35 13.59 0.23132 27.23 1720
352.79 -8.73 0.15039 27.67 1945
137.11 17.81 0.25671 19.41 2977
37.83 nan 0.07664 14.41 5
78.46 nan 0.06569 31.92 2679
277.99 21.10 0.28016 32.13 2850
160.79 nan 0.00061 28.55 516
250.00 nan 0.02166 24.73 655
125.75 nan 0.05282 30.26 3288
1.26 27.43 0.33774 44.96 2931
77.85 nan 0.04934 37.08 635
229.12 13.42 0.23039 42.60 568
342.08 25.84 0.32142 35.39 1640
114.73 nan 0.06414 29.18 3033
62.34 28.86 0.35369 20.39 2894
181.54 18.70 0.26269 17.71 2423
193.55 -62.95 0.09021 30.51 2957
173.01 -21.21 0.12640 34.14 87
319.36 19.37 0.26734 45.70 2350
46.81 0.50 0.17593 38.99 2104
127.66 3.10 0.18478 22.14 256
155.64 26.92 0.33235 23.14 514
210.30 nan 0.02501 28.27 2417
354.98 19.64 0.26927 31.21 133
42.09 -7.15 0.15420 20.47 3453
166.07 18.23 0.25949 24.67 2614
273.94 -22.35 0.12466 28.76 1830
18.48 -9.78 0.14798 38.55 2374
216.01 -30.91 0.11334 29.38 142
339.58 nan 0.06961 16.98 1566
244.41 26.14 0.32443 25.43 1904
64.34 nan 0.00517 31.17 1406
109.74 nan 0.03978 12.01 58
68.63 -25.71 0.11986 13.96 1745
323.09 nan 0.04081 39.94 3370
265.13 nan 0.07887 19.70 1019
101.34 nan 0.05824 36.19 2839
269.09 nan 0.05274 30.56 1819
322.62 27.76 0.34133 30.87 452
313.02 16.04 0.24544 22.84 30
236.90 -18.32 0.13113 33.48 2437
134.15 nan 0.03558 25.71 1222
141.84 24.84 0.31191 19.82 2264
134.87 27.27 0.33601 30.99 1509
66.49 -9.65 0.14827 31.41 2862
41.31 16.48 0.24818 38.92 622
7.33 28.15 0.34563 33.63 2930
21.86 21.16 0.28060 36.67 3186
177.71 -28.56 0.11615 43.75 3241
275.85 nan 0.04591 41.14 2321
334.64 -14.58 0.13793 23.15 1665
340.88 -31.88 0.11223 21.74 3150
307.21 nan 0.05982 26.65 439
238.28 21.87 0.28620 34.57 2016
238.35 nan 0.03955 15.70 2277
47.91 27.84 0.34214 23.65 1757
318.42 -8.82 0.15019 19.87 709
291.93 -37.30 0.10665 30.36 849
302.06 26.79 0.33098 23.25 3395
321.33 -50.73 0.09628 35.32 3427
4.37 nan 0.03660 24.48 1959
132.66 nan 0.01164 19.58 3216
94.41 nan 0.00516 27.09 2841
170.11 -45.51 0.09979 24.07 83
310.43 -10.54 0.14628 14.98 3144
352.98 -15.42 0.13633 24.87 3206
141.12 3.79 0.18730 10.96 790
15.12 nan 0.00620 26.78 819
11.27 nan 0.01811 26.87 863
237.12 15.08 0.23974 30.26 2626
208.99 nan 0.05350 26.12 510
56.73 20.10 0.27262 22.39 3380
343.58 17.19 0.25263 21.73 818
17.04 nan 0.06739 19.75 2519
275.15 -42.81 0.10185 19.70 848
222.18 21.20 0.28095 28.68 1782
338.21 nan 0.01518 24.24 1198
350.43 -3.76 0.16308 34.63 2686
212.31 11.80 0.22189 22.38 2255
244.93 nan 0.04909 32.50 2142
47.00 -65.92 0.08913 31.16 2103
48.81 -8.87 0.15007 31.33 3195
330.92 -38.05 0.10594 22.01 1189
288.82 nan 0.01920 24.84 2342
216.42 25.39 0.31712 48.45 2952
8.24 nan 0.08399 19.31 3407
3.49 12.51 0.22556 29.50 2389
130.84 -32.24 0.11184 24.51 3289
37.85 28.42 0.34861 32.87 1417
309.98 nan 0.06923 29.19 3360
152.61 -4.90 0.15997 40.22 650
293.90 0.14 0.17474 21.41 1257
289.80 29.46 0.36071 25.31 1842
320.58 16.00 0.24519 18.23 2881
35.57 15.78 0.24386 29.43 1777
202.29 28.42 0.34859 29.31 1502
337.73 22.27 0.28948 24.13 96
153.67 14.90 0.23869 39.01 1438
122.47 11.53 0.22052 32.54 2273
232.19 nan 0.00415 28.18 1011
117.30 8.76 0.20741 35.98 317
232.85 28.21 0.34619 16.92 552
186.42 -20.03 0.12828 40.57 2450
101.93 -7.05 0.15444 25.43 229
140.08 -0.23 0.17357 25.32 328
23.75 nan 0.07406 43.68 2372
132.80 -3.45 0.16397 24.05 1589
227.76 14.56 0.23671 31.17 2633
55.46 25.62 0.31926 28.38 140
166.46 4.72 0.19076 30.62 156
4.81 4.31 0.18919 24.51 2734
212.16 nan 0.08237 36.37 2754
109.92 -40.40 0.10384 38.35 2643
280.86 nan 0.06341 19.60 2316
278.39 6.72 0.19866 20.82 1303
315.60 nan 0.05472 14.34 335
139.51 26.64 0.32950 27.68 660
302.82 14.77 0.23795 26.97 704
268.87 4.61 0.19033 23.66 3299
241.64 -19.54 0.12908 26.29 1899
51.59 23.43 0.29925 15.88 3455
90.65 29.16 0.35709 14.07 1301
317.87 26.04 0.32344 30.06 1188
118.14 13.93 0.23317 29.81 1120
217.61 13.53 0.23099 31.87 2088
36.10 22.90 0.29472 24.84 3193
307.91 0.19 0.17492 32.44 2179
320.91 17.47 0.25445 29.12 326
74.20 13.38 0.23015 35.69 395
106.75 23.78 0.30223 21.20 3039
37.65 -13.14 0.14078 34.41 2937
181.53 -25.08 0.12071 21.32 448
177.92 nan 0.05171 24.20 2149
41.53 nan 0.03476 26.75 204
256.76 10.30 0.21454 22.25 266
310.19 nan 0.01154 29.38 344
359.15 29.92 0.36628 37.33 3089
268.72 19.06 0.26520 17.35 1065
121.25 nan 0.01120 25.46 1614
195.25 nan 0.04566 25.59 1594
110.34 nan 0.05379 28.04 3327
17.30 29.23 0.35801 20.34 1320
23.10 nan 0.08320 29.82 1485
115.09 18.32 0.26009 29.16 349
354.12 22.95 0.29515 31.11 1190
262.34 10.21 0.21411 11.29 94
179.35 nan 0.05805 27.74 624
188.45 13.52 0.23092 28.88 596
243.35 15.13 0.24003 15.48 1171
350.22 nan 0.01140 19.20 1565
14.80 nan 0.05458 23.72 1325
302.75 12.23 0.22409 23.43 1737
318.45 -41.64 0.10280 39.50 785
51.96 22.14 0.28837 23.05 2690
20.34 nan 0.02557 17.09 2563
242.74 -13.13 0.14080 12.54 1924
319.94 25.73 0.32041 29.20 643
228.54 nan 0.00026 23.96 1781
313.03 29.18 0.35741 26.64 2209
91.68 18.57 0.26182 19.71 1070
320.01 22.82 0.29399 24.04 2534
336.31 nan 0.00668 17.08 175
225.03 nan 0.04935 37.91 278
346.17 nan 0.01019 20.61 2706
220.41 nan 0.07216 24.75 3020
186.27 3.91 0.18773 22.25 15
306.46 28.91 0.35427 31.45 3140
345.87 -18.88 0.13018 18.33 2387
320.38 nan 0.03500 17.81 2225
81.74 29.74 0.36413 29.44 2191
281.91 17.57 0.25510 10.60 1408
33.46 -6.93 0.15475 35.18 1205
347.61 12.28 0.22435 35.42 1639
54.83 5.64 0.19432 33.40 1466
341.25 14.24 0.23493 16.58 952
297.04 nan 0.00684 11.72 1463
30.78 -2.58 0.16645 28.67 909
187.67 -3.11 0.16491 40.60 716
271.22 29.18 0.35739 12.28 2670
33.80 -20.68 0.12725 29.23 2229
330.26 28.96 0.35482 17.74 504
356.18 -34.61 0.10930 39.54 856
320.13 7.38 0.20141 28.74 1128
195.57 -27.06 0.11806 26.31 2449
201.20 27.70 0.34062 33.12 715
6.13 -2.34 0.16716 30.99 289
134.52 nan 0.03741 45.66 3027
137.25 nan 0.03565 18.33 2411
181.58 16.45 0.24797 16.57 2259
312.96 nan 0.08480 15.25 1852
216.27 -23.79 0.12254 17.94 2036
260.31 -5.37 0.15875 36.93 2033
234.27 nan 0.02011 15.00 2628
168.96 2.87 0.18396 24.29 1597
39.25 17.98 0.25781 18.14 2186
180.25 24.24 0.30636 32.07 122
16.22 15.35 0.24134 30.09 1338
18.36 16.91 0.25087 17.63 443
26.91 -35.81 0.10809 31.07 3184
74.05 nan 0.06206 22.23 3352
103.73 27.79 0.34162 33.85 2665
323.19 9.33 0.20999 19.78 3152
334.30 nan 0.07251 33.05 2674
312.66 -6.07 0.15691 30.19 1571
31.63 nan 0.00828 27.70 3410
287.89 -4.91 0.15997 30.13 1723
302.51 6.05 0.19596 21.18 2365
352.28 nan 0.07629 29.19 1422
155.24 26.26 0.32558 23.91 3211
272.01 nan 0.04208 31.25 2035
233.30 26.69 0.33002 35.13 484
315.30 25.42 0.31737 29.31 1027
51.04 nan 0.03419 12.92 62
41.94 15.24 0.24065 27.84 593
285.33 17.94 0.25754 29.95 936
115.22 nan 0.04115 23.17 1911
197.99 -20.69 0.12723 27.04 3272
339.15 nan 0.05789 19.74 2926
178.64 nan 0.05192 20.99 1505
188.34 nan 0.08089 12.61 2022
86.55 16.34 0.24730 29.67 3355
48.43 nan 0.03687 26.27 2688
47.02 6.53 0.19789 18.68 2545
228.58 8.47 0.20613 29.46 1114
273.73 1.75 0.18006 35.80 1833
6.35 nan 0.05287 41.26 2332
209.54 2.06 0.18113 30.49 1358
278.39 18.40 0.26065 23.02 1636
351.80 9.04 0.20867 36.48 3372
226.15 nan 0.03537 33.05 2597
36.07 -25.24 0.12049 21.84 1415
44.59 -24.61 0.12137 35.64 619
310.16 16.16 0.24617 28.50 2533
337.13 19.01 0.26479 28.46 1973
279.34 -1.36 0.17009 29.92 3340
25.93 nan 0.01429 23.14 1873
136.48 7.27 0.20096 26.54 925
142.69 24.10 0.30510 25.08 490
231.69 -46.67 0.09896 27.37 2003
132.18 nan 0.08364 22.62 37
29.83 19.74 0.26999 20.44 2859
337.12 21.65 0.28448 23.00 862
282.25 2.63 0.18312 22.07 891
130.28 -0.52 0.17265 17.36 580
301.67 nan 0.04059 24.83 1548
33.99 -3.54 0.16372 21.72 2938
263.74 19.12 0.26560 31.73 1914
119.48 28.79 0.35278 11.18 2170
340.40 28.83 0.35331 30.45 259
310.18 nan 0.02031 25.21 1663
83.66 6.77 0.19887 43.70 2058
225.49 -1.01 0.17114 34.65 1985
144.26 25.20 0.31529 20.43 1816
221.86 nan 0.01398 31.70 1804
342.48 -7.14 0.15421 20.09 2685
127.88 -74.79 0.08672 30.24 697
73.73 3.75 0.18715 34.27 110
313.01 27.57 0.33926 28.44 2210
248.49 25.66 0.31969 35.49 797
118.44 27.17 0.33496 32.83 1169
297.82 21.57 0.28387 16.50 2053
115.65 4.92 0.19154 32.26 2455
151.38 28.37 0.34802 22.29 2430
347.44 26.56 0.32867 31.85 3438
97.58 16.21 0.24650 25.57 1623
29.14 nan 0.05599 33.08 712
180.07 25.46 0.31775 26.84 2815
359.33 nan 0.02255 24.15 3177
334.80 -33.13 0.11086 29.83 3403
97.14 -6.04 0.15699 27.65 1457
338.45 18.49 0.26126 25.75 468
49.46 10.49 0.21545 15.51 3196
222.13 24.58 0.30949 27.98 1890
112.85 -26.12 0.11930 29.15 1124
31.84 nan 0.02208 13.99 908
154.66 nan 0.06166 27.12 1286
116.06 29.18 0.35737 31.92 3041
29.22 nan 0.01130 16.58 1183
16.41 -0.13 0.17390 19.77 1727
150.64 26.45 0.32748 19.72 2474
123.43 nan 0.00991 18.80 240
200.47 26.10 0.32400 24.98 2116
318.25 28.67 0.35150 35.84 2369
151.49 -1.09 0.17089 20.67 2592
89.91 nan 0.08116 17.00 2503
13.60 7.52 0.20201 34.53 738
99.05 nan 0.00179 16.27 2478
47.57 16.05 0.24552 40.65 2106
302.04 nan 0.05626 23.26 987
129.86 -14.40 0.13829 24.47 761
214.97 nan 0.03661 16.25 1880
54.02 nan 0.03439 35.20 3095
158.77 11.51 0.22041 28.00 2245
345.13 23.17 0.29695 34.57 193
211.94 16.00 0.24521 18.05 360
53.64 -26.15 0.11926 29.33 3414
326.17 -1.30 0.17024 24.82 2925
209.06 8.02 0.20419 23.61 2656
141.71 26.19 0.32488 32.02 1217
141.81 12.66 0.22635 24.89 3252
178.72 nan 0.04053 33.24 2021
322.17 -70.91 0.08763 19.30 3142
241.22 15.90 0.24458 24.66 762
312.94 23.25 0.29765 22.33 1280
148.40 -3.20 0.16467 15.94 2038
194.00 nan 0.07776 22.01 382
84.45 -1.40 0.16994 31.82 2500
294.74 nan 0.05807 25.92 2327
305.08 nan 0.06899 35.80 2062
203.17 -9.46 0.14869 24.54 1809
307.06 nan 0.08325 31.10 1143
153.90 27.32 0.33652 15.35 600
41.21 -16.59 0.13418 33.88 2076
47.95 25.88 0.32185 19.48 2547
60.98 nan 0.08130 19.66 2521
277.66 23.21 0.29733 23.98 583
262.65 29.39 0.35990 26.55 2827
323.33 -12.15 0.14282 21.55 1494
3.84 -37.96 0.10603 22.23 3441
45.47 7.30 0.20111 17.85 112
12.29 -15.05 0.13703 26.01 2203
17.54 23.59 0.30059 22.99 3160
333.96 nan 0.04855 18.12 2200
335.56 nan 0.08168 23.89 1333
61.02 27.76 0.34129 27.67 2530
196.82 8.61 0.20674 18.86 2792
156.42 -9.93 0.14764 31.39 2244
81.60 nan 0.01621 25.93 2188
118.48 19.52 0.26841 22.12 2299
36.91 -2.08 0.16792 20.18 621
238.45 nan 0.02009 26.13 2629
38.16 29.50 0.36118 36.19 956
253.75 20.18 0.27319 24.83 1018
37.36 -44.38 0.10063 26.31 477
200.57 -22.32 0.12471 14.17 2954
158.98 18.09 0.25853 38.65 2965
252.74 23.51 0.29994 18.48 602
299.47 26.39 0.32688 18.85 1738
316.83 -3.33 0.16430 30.91 3371
113.58 nan 0.06861 32.44 2296
2.85 nan 0.04252 19.60 2709
146.58 9.95 0.21287 15.46 2135
169.11 10.22 0.21414 25.75 2613
33.72 nan 0.03102 30.71 2079
68.68 11.80 0.22191 30.48 1262
351.91 nan 0.07241 19.05 1870
302.99 19.38 0.26746 28.55 1179
29.50 nan 0.03146 28.73 1980
232.09 28.82 0.35314 21.44 119
159.57 26.18 0.32480 26.69 2593
347.86 23.26 0.29773 29.04 3373
202.98 -14.89 0.13734 23.61 2023
